2025-07-18 15:07:11,026 - INFO - Initializing enhanced market regime detector...
2025-07-18 15:07:11,026 - ERROR - Request failed for /v2/aggs/ticker/SPY/range/1/day/2023-06-23/2025-07-18: 'NoneType' object has no attribute 'get'
2025-07-18 15:07:11,026 - ERROR - Failed to get benchmark data for regime detection
2025-07-18 21:21:52,829 - INFO - Initializing QQQ market regime detector...
2025-07-18 21:21:52,829 - ERROR - Request failed for /v2/aggs/ticker/QQQ/range/1/day/2023-06-23/2025-07-18: 'NoneType' object has no attribute 'get'
2025-07-18 21:21:52,829 - ERROR - Failed to get QQQ data for regime detection
2025-07-18 21:21:58,260 - INFO - Initializing QQQ market regime detector...
2025-07-18 21:21:58,261 - ERROR - Request failed for /v2/aggs/ticker/QQQ/range/1/day/2023-06-23/2025-07-18: 'NoneType' object has no attribute 'get'
2025-07-18 21:21:58,261 - ERROR - Failed to get QQQ data for regime detection
2025-07-19 01:08:37,891 - ERROR - Request failed for /v3/reference/tickers/QQQ: 'NoneType' object has no attribute 'get'
2025-07-19 01:41:00,477 - ERROR - Request failed for /v2/aggs/ticker/QQQ/range/1/day/2024-11-09/2025-07-19: 'NoneType' object has no attribute 'get'
2025-07-19 01:41:00,477 - ERROR - No results for QQQ from 2024-11-09 to 2025-07-19
2025-07-19 01:41:00,478 - ERROR - Received empty QQQ data
2025-07-19 01:47:24,991 - ERROR - Error initializing QQQ detector: AsyncPolygonIOClient.get_aggregates() got an unexpected keyword argument 'start_date'
2025-07-19 01:49:08,508 - ERROR - Request failed for /v2/aggs/ticker/QQQ/range/1/day/2024-11-09/2025-07-19: 'NoneType' object has no attribute 'get'
2025-07-19 01:49:08,508 - ERROR - No results for QQQ from 2024-11-09 to 2025-07-19
2025-07-19 01:49:08,508 - ERROR - Received empty QQQ data
2025-07-19 01:50:59,605 - ERROR - Request failed for /v2/aggs/ticker/QQQ/range/1/day/2024-11-09/2025-07-19: 'NoneType' object has no attribute 'get'
2025-07-19 01:50:59,605 - ERROR - Invalid response format for QQQ
2025-07-19 01:50:59,605 - ERROR - Failed to fetch QQQ data - API returned None
2025-07-19 02:00:44,046 - INFO - Fetching QQQ data from 2025-07-12 to 2025-07-19
2025-07-19 02:00:44,264 - INFO - Fetching QQQ data from 2025-06-19 to 2025-07-19
2025-07-19 02:00:45,624 - INFO - Fetching QQQ data from 2025-04-20 to 2025-07-19
2025-07-19 02:00:47,041 - INFO - Fetching QQQ data from 2024-11-09 to 2025-07-19
2025-07-19 02:00:48,549 - INFO - Initializing QQQ market regime detector...
2025-07-19 02:00:48,550 - INFO - Fetching QQQ data from 2024-11-09 to 2025-07-19
2025-07-19 02:00:48,550 - ERROR - Request failed for /v2/aggs/ticker/QQQ/range/1/day/2024-11-09/2025-07-19: 'NoneType' object has no attribute 'get'
2025-07-19 02:00:48,550 - ERROR - Invalid API response format for QQQ
2025-07-19 02:00:48,551 - ERROR - Failed to fetch QQQ data - API returned None
2025-07-19 02:00:53,194 - INFO - Fetching QQQ data from 2025-07-12 to 2025-07-19
2025-07-19 02:00:53,353 - INFO - Fetching QQQ data from 2025-06-19 to 2025-07-19
2025-07-19 02:00:54,799 - INFO - Fetching QQQ data from 2025-04-20 to 2025-07-19
2025-07-19 02:00:56,308 - INFO - Fetching QQQ data from 2024-11-09 to 2025-07-19
2025-07-19 02:00:57,729 - INFO - Initializing QQQ market regime detector...
2025-07-19 02:00:57,729 - INFO - Fetching QQQ data from 2024-11-09 to 2025-07-19
2025-07-19 02:00:57,729 - ERROR - Request failed for /v2/aggs/ticker/QQQ/range/1/day/2024-11-09/2025-07-19: 'NoneType' object has no attribute 'get'
2025-07-19 02:00:57,729 - ERROR - Invalid API response format for QQQ
2025-07-19 02:00:57,729 - ERROR - Failed to fetch QQQ data - API returned None
2025-07-19 02:14:58,259 - ERROR - Failed to process QQQ data: name 'date' is not defined
Traceback (most recent call last):
  File "c:\Users\kyung\OneDrive\Projects\swing_trade_scanner\TEST.PY", line 228, in get_aggregates
    if current_date > date.today():  # Compare against actual current date
                      ^^^^
NameError: name 'date' is not defined
2025-07-19 02:14:58,260 - ERROR - Failed to process QQQ data: name 'date' is not defined
Traceback (most recent call last):
  File "c:\Users\kyung\OneDrive\Projects\swing_trade_scanner\TEST.PY", line 228, in get_aggregates
    if current_date > date.today():  # Compare against actual current date
                      ^^^^
NameError: name 'date' is not defined
2025-07-19 02:14:58,261 - ERROR - Failed to process QQQ data: name 'date' is not defined
Traceback (most recent call last):
  File "c:\Users\kyung\OneDrive\Projects\swing_trade_scanner\TEST.PY", line 228, in get_aggregates
    if current_date > date.today():  # Compare against actual current date
                      ^^^^
NameError: name 'date' is not defined
2025-07-19 02:14:58,262 - ERROR - Failed to process QQQ data: name 'date' is not defined
Traceback (most recent call last):
  File "c:\Users\kyung\OneDrive\Projects\swing_trade_scanner\TEST.PY", line 228, in get_aggregates
    if current_date > date.today():  # Compare against actual current date
                      ^^^^
NameError: name 'date' is not defined
2025-07-19 02:14:58,262 - INFO - Initializing QQQ market regime detector...
2025-07-19 02:14:58,262 - ERROR - Failed to process QQQ data: name 'date' is not defined
Traceback (most recent call last):
  File "c:\Users\kyung\OneDrive\Projects\swing_trade_scanner\TEST.PY", line 228, in get_aggregates
    if current_date > date.today():  # Compare against actual current date
                      ^^^^
NameError: name 'date' is not defined
2025-07-19 02:14:58,263 - ERROR - Failed to fetch QQQ data - API returned None
2025-07-19 02:15:04,188 - ERROR - Failed to process QQQ data: name 'date' is not defined
Traceback (most recent call last):
  File "c:\Users\kyung\OneDrive\Projects\swing_trade_scanner\TEST.PY", line 228, in get_aggregates
    if current_date > date.today():  # Compare against actual current date
                      ^^^^
NameError: name 'date' is not defined
2025-07-19 02:15:04,190 - ERROR - Failed to process QQQ data: name 'date' is not defined
Traceback (most recent call last):
  File "c:\Users\kyung\OneDrive\Projects\swing_trade_scanner\TEST.PY", line 228, in get_aggregates
    if current_date > date.today():  # Compare against actual current date
                      ^^^^
NameError: name 'date' is not defined
2025-07-19 02:15:04,190 - ERROR - Failed to process QQQ data: name 'date' is not defined
Traceback (most recent call last):
  File "c:\Users\kyung\OneDrive\Projects\swing_trade_scanner\TEST.PY", line 228, in get_aggregates
    if current_date > date.today():  # Compare against actual current date
                      ^^^^
NameError: name 'date' is not defined
2025-07-19 02:15:04,191 - ERROR - Failed to process QQQ data: name 'date' is not defined
Traceback (most recent call last):
  File "c:\Users\kyung\OneDrive\Projects\swing_trade_scanner\TEST.PY", line 228, in get_aggregates
    if current_date > date.today():  # Compare against actual current date
                      ^^^^
NameError: name 'date' is not defined
2025-07-19 02:15:04,191 - INFO - Initializing QQQ market regime detector...
2025-07-19 02:15:04,191 - ERROR - Failed to process QQQ data: name 'date' is not defined
Traceback (most recent call last):
  File "c:\Users\kyung\OneDrive\Projects\swing_trade_scanner\TEST.PY", line 228, in get_aggregates
    if current_date > date.today():  # Compare against actual current date
                      ^^^^
NameError: name 'date' is not defined
2025-07-19 02:15:04,192 - ERROR - Failed to fetch QQQ data - API returned None
2025-07-19 02:16:18,305 - INFO - Fetching QQQ from 2025-07-12 to 2025-07-19
2025-07-19 02:16:18,501 - INFO - Fetching QQQ from 2025-06-19 to 2025-07-19
2025-07-19 02:16:19,794 - INFO - Fetching QQQ from 2025-04-20 to 2025-07-19
2025-07-19 02:16:21,290 - INFO - Fetching QQQ from 2024-11-09 to 2025-07-19
2025-07-19 02:16:22,651 - INFO - Initializing QQQ market regime detector...
2025-07-19 02:16:22,651 - INFO - Fetching QQQ from 2024-11-09 to 2025-07-19
2025-07-19 02:16:22,651 - ERROR - Request failed for /v2/aggs/ticker/QQQ/range/1/day/2024-11-09/2025-07-19: 'NoneType' object has no attribute 'get'
2025-07-19 02:16:22,651 - ERROR - No data for QQQ (2024-11-09 to 2025-07-19)
2025-07-19 02:16:22,651 - ERROR - Failed to fetch QQQ data - API returned None
2025-07-19 02:17:11,054 - INFO - Fetching QQQ from 2025-07-12 to 2025-07-19
2025-07-19 02:17:11,422 - INFO - Fetching QQQ from 2025-06-19 to 2025-07-19
2025-07-19 02:17:12,660 - INFO - Fetching QQQ from 2025-04-20 to 2025-07-19
2025-07-19 02:17:14,158 - INFO - Fetching QQQ from 2024-11-09 to 2025-07-19
2025-07-19 02:17:15,528 - INFO - Initializing QQQ market regime detector...
2025-07-19 02:17:15,528 - INFO - Fetching QQQ from 2024-11-09 to 2025-07-19
2025-07-19 02:17:15,528 - ERROR - Request failed for /v2/aggs/ticker/QQQ/range/1/day/2024-11-09/2025-07-19: 'NoneType' object has no attribute 'get'
2025-07-19 02:17:15,529 - ERROR - No data for QQQ (2024-11-09 to 2025-07-19)
2025-07-19 02:17:15,529 - ERROR - Failed to fetch QQQ data - API returned None
2025-07-19 02:24:36,502 - INFO - 
=== TIME SOURCE VERIFICATION ===
2025-07-19 02:24:36,503 - INFO -    system_clock: 2025-07-19 02:24:36.502802
2025-07-19 02:24:36,503 - INFO -    datetime_now: 2025-07-19 02:24:36.502804
2025-07-19 02:24:36,503 - INFO -      date_today: 2025-07-19
2025-07-19 02:24:36,503 - INFO -       localtime: 2025-07-19 02:24:36
2025-07-19 02:24:36,503 - INFO - ==============================

2025-07-19 02:24:36,503 - INFO - Initializing QQQ market regime detector...
2025-07-19 02:24:36,696 - INFO - Fetching QQQ from 2024-11-09 to 2025-07-19
2025-07-19 02:24:36,904 - ERROR - Insufficient QQQ data points: 170 (need at least 200)
2025-07-19 02:24:36,904 - ERROR - Failed to initialize scanner
2025-07-19 02:24:44,667 - INFO - 
=== TIME SOURCE VERIFICATION ===
2025-07-19 02:24:44,667 - INFO -    system_clock: 2025-07-19 02:24:44.667621
2025-07-19 02:24:44,667 - INFO -    datetime_now: 2025-07-19 02:24:44.667625
2025-07-19 02:24:44,668 - INFO -      date_today: 2025-07-19
2025-07-19 02:24:44,668 - INFO -       localtime: 2025-07-19 02:24:44
2025-07-19 02:24:44,668 - INFO - ==============================

2025-07-19 02:24:44,668 - INFO - Initializing QQQ market regime detector...
2025-07-19 02:24:44,728 - INFO - Fetching QQQ from 2024-11-09 to 2025-07-19
2025-07-19 02:24:44,902 - ERROR - Insufficient QQQ data points: 170 (need at least 200)
2025-07-19 02:24:44,902 - ERROR - Failed to initialize scanner
2025-07-19 02:29:23,901 - INFO - 
=== TIME SOURCE VERIFICATION ===
2025-07-19 02:29:23,902 - INFO -    system_clock: 2025-07-19 02:29:23.901916
2025-07-19 02:29:23,902 - INFO -    datetime_now: 2025-07-19 02:29:23.901919
2025-07-19 02:29:23,902 - INFO -      date_today: 2025-07-19
2025-07-19 02:29:23,902 - INFO -       localtime: 2025-07-19 02:29:23
2025-07-19 02:29:23,902 - INFO - ==============================

2025-07-19 02:29:23,902 - ERROR - Fatal error: 'AsyncPolygonIOClient' object does not support the asynchronous context manager protocol
Traceback (most recent call last):
  File "c:\Users\kyung\OneDrive\Projects\swing_trade_scanner\TEST.PY", line 1064, in main
    await debug_qqq_fetch(POLYGON_API_KEY)
  File "c:\Users\kyung\OneDrive\Projects\swing_trade_scanner\TEST.PY", line 1045, in debug_qqq_fetch
    async with AsyncPolygonIOClient(api_key) as client:
               ~~~~~~~~~~~~~~~~~~~~^^^^^^^^^
TypeError: 'AsyncPolygonIOClient' object does not support the asynchronous context manager protocol
2025-07-19 02:29:29,030 - INFO - 
=== TIME SOURCE VERIFICATION ===
2025-07-19 02:29:29,031 - INFO -    system_clock: 2025-07-19 02:29:29.030814
2025-07-19 02:29:29,031 - INFO -    datetime_now: 2025-07-19 02:29:29.030816
2025-07-19 02:29:29,031 - INFO -      date_today: 2025-07-19
2025-07-19 02:29:29,031 - INFO -       localtime: 2025-07-19 02:29:29
2025-07-19 02:29:29,031 - INFO - ==============================

2025-07-19 02:29:29,031 - ERROR - Fatal error: 'AsyncPolygonIOClient' object does not support the asynchronous context manager protocol
Traceback (most recent call last):
  File "c:\Users\kyung\OneDrive\Projects\swing_trade_scanner\TEST.PY", line 1064, in main
    await debug_qqq_fetch(POLYGON_API_KEY)
  File "c:\Users\kyung\OneDrive\Projects\swing_trade_scanner\TEST.PY", line 1045, in debug_qqq_fetch
    async with AsyncPolygonIOClient(api_key) as client:
               ~~~~~~~~~~~~~~~~~~~~^^^^^^^^^
TypeError: 'AsyncPolygonIOClient' object does not support the asynchronous context manager protocol
2025-07-19 02:30:58,693 - INFO - 
=== TIME SOURCE VERIFICATION ===
2025-07-19 02:30:58,693 - INFO -    system_clock: 2025-07-19 02:30:58.693559
2025-07-19 02:30:58,693 - INFO -    datetime_now: 2025-07-19 02:30:58.693561
2025-07-19 02:30:58,694 - INFO -      date_today: 2025-07-19
2025-07-19 02:30:58,694 - INFO -       localtime: 2025-07-19 02:30:58
2025-07-19 02:30:58,694 - INFO - ==============================

2025-07-19 02:30:58,732 - INFO - Fetching QQQ from 2025-07-11 to 2025-07-18
2025-07-19 02:30:58,911 - INFO - Fetching QQQ from 2025-06-18 to 2025-07-18
2025-07-19 02:31:00,385 - INFO - Fetching QQQ from 2025-04-19 to 2025-07-18
2025-07-19 02:31:00,547 - INFO - Fetching QQQ from 2024-11-08 to 2025-07-18
2025-07-19 02:31:01,983 - INFO - Initializing QQQ market regime detector...
2025-07-19 02:31:02,002 - INFO - Fetching QQQ from 2024-11-08 to 2025-07-18
2025-07-19 02:31:02,003 - ERROR - Failed to fetch QQQ: 'NoneType' object has no attribute 'get'
2025-07-19 02:31:02,003 - ERROR - Failed to fetch QQQ data - API returned None
2025-07-19 02:31:02,003 - ERROR - Failed to initialize scanner
2025-07-19 14:19:46,554 - INFO - 
=== TIME SOURCE VERIFICATION ===
2025-07-19 14:19:46,555 - INFO -    system_clock: 2025-07-19 14:19:46.554907
2025-07-19 14:19:46,555 - INFO -    datetime_now: 2025-07-19 14:19:46.554909
2025-07-19 14:19:46,555 - INFO -      date_today: 2025-07-19
2025-07-19 14:19:46,555 - INFO -       localtime: 2025-07-19 14:19:46
2025-07-19 14:19:46,555 - INFO - ==============================

2025-07-19 14:19:46,646 - INFO - Fetching QQQ from 2025-07-11 to 2025-07-18
2025-07-19 14:19:46,953 - INFO - Fetching QQQ from 2025-06-18 to 2025-07-18
2025-07-19 14:19:48,248 - INFO - Fetching QQQ from 2025-04-19 to 2025-07-18
2025-07-19 14:19:48,440 - INFO - Fetching QQQ from 2024-11-08 to 2025-07-18
2025-07-19 14:19:49,850 - INFO - Initializing QQQ market regime detector...
2025-07-19 14:19:49,897 - INFO - Fetching QQQ from 2024-11-08 to 2025-07-18
2025-07-19 14:19:49,897 - ERROR - Failed to fetch QQQ: 'NoneType' object has no attribute 'get'
2025-07-19 14:19:49,897 - ERROR - Failed to fetch QQQ data - API returned None
2025-07-19 14:19:49,898 - ERROR - Failed to initialize scanner
2025-07-19 14:46:57,233 - INFO - 
=== TIME SOURCE VERIFICATION ===
2025-07-19 14:46:57,234 - INFO -    system_clock: 2025-07-19 14:46:57.233865
2025-07-19 14:46:57,234 - INFO -    datetime_now: 2025-07-19 14:46:57.233870
2025-07-19 14:46:57,234 - INFO -      date_today: 2025-07-19
2025-07-19 14:46:57,234 - INFO -       localtime: 2025-07-19 14:46:57
2025-07-19 14:46:57,234 - INFO - ==============================

2025-07-19 14:46:57,344 - INFO - Fetching QQQ from 2025-07-11 to 2025-07-18
2025-07-19 14:46:57,609 - INFO - Fetching QQQ from 2025-06-18 to 2025-07-18
2025-07-19 14:46:58,918 - INFO - Fetching QQQ from 2025-04-19 to 2025-07-18
2025-07-19 14:47:04,078 - WARNING - NTP failed: No response received from pool.ntp.org.
2025-07-19 14:47:04,078 - ERROR - System date 2025-07-19 appears incorrect, using fallback
2025-07-19 14:47:04,079 - INFO - Fetching QQQ from 2023-03-09 to 2023-11-16
2025-07-19 14:47:04,223 - INFO - Initializing market regime detector...
2025-07-19 14:47:04,297 - INFO - Fetching QQQ from 2024-11-08 to 2025-07-18
2025-07-19 14:47:04,297 - ERROR - Failed to fetch QQQ: 'NoneType' object has no attribute 'get'
2025-07-19 14:47:04,297 - ERROR - Failed to fetch QQQ data - API returned None
2025-07-19 14:47:04,298 - ERROR - Failed to initialize scanner
2025-07-19 14:48:53,884 - INFO - 
=== TIME SOURCE VERIFICATION ===
2025-07-19 14:48:53,885 - INFO -    system_clock: 2025-07-19 14:48:53.884773
2025-07-19 14:48:53,885 - INFO -    datetime_now: 2025-07-19 14:48:53.884776
2025-07-19 14:48:53,885 - INFO -      date_today: 2025-07-19
2025-07-19 14:48:53,885 - INFO -       localtime: 2025-07-19 14:48:53
2025-07-19 14:48:53,885 - INFO - ==============================

2025-07-19 14:48:53,950 - INFO - Fetching QQQ from 2025-07-11 to 2025-07-18
2025-07-19 14:48:54,209 - INFO - Fetching QQQ from 2025-06-18 to 2025-07-18
2025-07-19 14:48:55,590 - INFO - Fetching QQQ from 2025-04-19 to 2025-07-18
2025-07-19 14:48:55,788 - INFO - Fetching QQQ from 2024-11-08 to 2025-07-18
2025-07-19 14:48:57,136 - INFO - Initializing QQQ market regime detector...
2025-07-19 14:48:57,185 - INFO - Fetching QQQ from 2024-11-08 to 2025-07-18
2025-07-19 14:48:57,185 - ERROR - Failed to fetch QQQ: 'NoneType' object has no attribute 'get'
2025-07-19 14:48:57,185 - ERROR - Failed to fetch QQQ data - API returned None
2025-07-19 14:48:57,185 - ERROR - Failed to initialize scanner
2025-07-19 14:55:07,069 - INFO - 
=== TIME SOURCE VERIFICATION ===
2025-07-19 14:55:07,069 - INFO -    system_clock: 2025-07-19 14:55:07.069658
2025-07-19 14:55:07,070 - INFO -    datetime_now: 2025-07-19 14:55:07.069661
2025-07-19 14:55:07,070 - INFO -      date_today: 2025-07-19
2025-07-19 14:55:07,070 - INFO -       localtime: 2025-07-19 14:55:07
2025-07-19 14:55:07,070 - INFO - ==============================

2025-07-19 14:55:07,138 - INFO - Fetching QQQ from 2025-07-11 to 2025-07-18
2025-07-19 14:55:07,386 - INFO - Fetching QQQ from 2025-06-18 to 2025-07-18
2025-07-19 14:55:08,645 - INFO - Fetching QQQ from 2025-04-19 to 2025-07-18
2025-07-19 14:55:08,835 - INFO - Fetching QQQ from 2024-11-08 to 2025-07-18
2025-07-19 14:55:10,265 - INFO - Initializing market regime detector...
2025-07-19 14:55:10,314 - INFO - Fetching QQQ from 2024-11-08 to 2025-07-18
2025-07-19 14:55:10,314 - ERROR - Failed to fetch QQQ: 'NoneType' object has no attribute 'get'
2025-07-19 14:55:10,314 - ERROR - Failed to fetch QQQ data - API returned None
2025-07-19 14:55:10,314 - ERROR - Failed to initialize scanner
2025-07-19 15:03:09,827 - INFO - 
=== TIME SOURCE VERIFICATION ===
2025-07-19 15:03:09,828 - INFO -    system_clock: 2025-07-19 15:03:09.827636
2025-07-19 15:03:09,828 - INFO -    datetime_now: 2025-07-19 15:03:09.827639
2025-07-19 15:03:09,828 - INFO -      date_today: 2025-07-19
2025-07-19 15:03:09,828 - INFO -       localtime: 2025-07-19 15:03:09
2025-07-19 15:03:09,828 - INFO - ==============================

2025-07-19 15:03:09,867 - INFO - Fetching QQQ from 2025-07-11 to 2025-07-18
2025-07-19 15:03:10,065 - INFO - Fetching QQQ from 2025-06-18 to 2025-07-18
2025-07-19 15:03:11,400 - INFO - Fetching QQQ from 2025-04-19 to 2025-07-18
2025-07-19 15:03:11,556 - INFO - Fetching QQQ from 2024-11-08 to 2025-07-18
2025-07-19 15:03:12,943 - INFO - Initializing market regime detector...
2025-07-19 15:03:12,960 - INFO - Fetching QQQ from 2024-11-08 to 2025-07-18
2025-07-19 15:03:12,961 - ERROR - Failed to fetch QQQ: 'NoneType' object has no attribute 'get'
2025-07-19 15:03:12,976 - INFO - Fetching QQQ from 2025-01-19 to 2025-07-18
2025-07-19 15:03:14,364 - ERROR - Failed to fetch QQQ: 'NoneType' object has no attribute 'get'
2025-07-19 15:03:14,382 - INFO - Fetching QQQ from 2025-04-19 to 2025-07-18
2025-07-19 15:03:14,382 - ERROR - Failed to fetch QQQ: 'NoneType' object has no attribute 'get'
2025-07-19 15:03:14,415 - INFO - Fetching QQQ from 2025-05-19 to 2025-07-18
2025-07-19 15:03:15,783 - ERROR - Failed to fetch QQQ: 'NoneType' object has no attribute 'get'
2025-07-19 15:03:15,784 - ERROR - Failed to fetch QQQ data after multiple attempts
2025-07-19 15:03:15,784 - ERROR - Failed to initialize scanner
2025-07-19 15:18:42,886 - INFO - 
=== TIME SOURCE VERIFICATION ===
2025-07-19 15:18:42,886 - INFO -    system_clock: 2025-07-19 15:18:42.886152
2025-07-19 15:18:42,886 - INFO -    datetime_now: 2025-07-19 15:18:42.886155
2025-07-19 15:18:42,886 - INFO -      date_today: 2025-07-19
2025-07-19 15:18:42,886 - INFO -       localtime: 2025-07-19 15:18:42
2025-07-19 15:18:42,887 - INFO - ==============================

2025-07-19 15:18:42,941 - INFO - Fetching QQQ from 2025-07-11 to 2025-07-18
2025-07-19 15:18:43,207 - INFO - Fetching QQQ from 2025-06-18 to 2025-07-18
2025-07-19 15:18:44,477 - INFO - Fetching QQQ from 2025-04-19 to 2025-07-18
2025-07-19 15:18:44,653 - INFO - Fetching QQQ from 2024-11-08 to 2025-07-18
2025-07-19 15:18:46,028 - INFO - Initializing market regime detector...
2025-07-19 15:18:46,061 - INFO - Fetching QQQ from 2024-11-08 to 2025-07-18
2025-07-19 15:18:46,062 - ERROR - Failed to fetch QQQ: 'NoneType' object has no attribute 'get'
2025-07-19 15:18:46,062 - ERROR - Failed to fetch QQQ data - API returned None
2025-07-19 15:18:46,062 - ERROR - Failed to initialize scanner
