2025-07-24 20:50:50,765 - INFO - Loaded 8175 cached tickers
2025-07-24 20:50:50,766 - INFO - Attempting WebSocket connection...
2025-07-24 20:50:50,767 - INFO - Scanner started
2025-07-24 20:50:50,964 - INFO - WebSocket connected and authenticated
2025-07-24 20:50:50,967 - INFO - WebSocket status: Connected Successfully
2025-07-24 20:50:51,008 - ERROR - Unexpected WebSocket error: Connection to remote host was lost.
Traceback (most recent call last):
  File "c:\Users\kyung\OneDrive\Desktop\project\StockScanner\nasdaqnyseamexticker.py", line 138, in _websocket_listener
    data = ws.recv()
  File "C:\Users\kyung\AppData\Local\Programs\Python\Python313\Lib\site-packages\websocket\_core.py", line 388, in recv
    opcode, data = self.recv_data()
                   ~~~~~~~~~~~~~~^^
  File "C:\Users\kyung\AppData\Local\Programs\Python\Python313\Lib\site-packages\websocket\_core.py", line 416, in recv_data
    opcode, frame = self.recv_data_frame(control_frame)
                    ~~~~~~~~~~~~~~~~~~~~^^^^^^^^^^^^^^^
  File "C:\Users\kyung\AppData\Local\Programs\Python\Python313\Lib\site-packages\websocket\_core.py", line 437, in recv_data_frame
    frame = self.recv_frame()
  File "C:\Users\kyung\AppData\Local\Programs\Python\Python313\Lib\site-packages\websocket\_core.py", line 478, in recv_frame
    return self.frame_buffer.recv_frame()
           ~~~~~~~~~~~~~~~~~~~~~~~~~~~~^^
  File "C:\Users\kyung\AppData\Local\Programs\Python\Python313\Lib\site-packages\websocket\_abnf.py", line 363, in recv_frame
    self.recv_header()
    ~~~~~~~~~~~~~~~~^^
  File "C:\Users\kyung\AppData\Local\Programs\Python\Python313\Lib\site-packages\websocket\_abnf.py", line 319, in recv_header
    header = self.recv_strict(2)
  File "C:\Users\kyung\AppData\Local\Programs\Python\Python313\Lib\site-packages\websocket\_abnf.py", line 398, in recv_strict
    bytes_ = self.recv(min(16384, shortage))
  File "C:\Users\kyung\AppData\Local\Programs\Python\Python313\Lib\site-packages\websocket\_core.py", line 563, in _recv
    return recv(self.sock, bufsize)
  File "C:\Users\kyung\AppData\Local\Programs\Python\Python313\Lib\site-packages\websocket\_socket.py", line 132, in recv
    raise WebSocketConnectionClosedException("Connection to remote host was lost.")
websocket._exceptions.WebSocketConnectionClosedException: Connection to remote host was lost.
2025-07-24 20:50:51,009 - INFO - WebSocket status: authentication failed
2025-07-24 20:50:51,012 - INFO - Reconnecting in 5 seconds...
2025-07-24 20:50:56,012 - INFO - Attempting WebSocket connection...
2025-07-24 20:50:56,191 - INFO - WebSocket connected and authenticated
2025-07-24 20:50:56,193 - INFO - WebSocket status: Connected Successfully
2025-07-24 20:50:56,237 - ERROR - Unexpected WebSocket error: Connection to remote host was lost.
Traceback (most recent call last):
  File "c:\Users\kyung\OneDrive\Desktop\project\StockScanner\nasdaqnyseamexticker.py", line 138, in _websocket_listener
    data = ws.recv()
  File "C:\Users\kyung\AppData\Local\Programs\Python\Python313\Lib\site-packages\websocket\_core.py", line 388, in recv
    opcode, data = self.recv_data()
                   ~~~~~~~~~~~~~~^^
  File "C:\Users\kyung\AppData\Local\Programs\Python\Python313\Lib\site-packages\websocket\_core.py", line 416, in recv_data
    opcode, frame = self.recv_data_frame(control_frame)
                    ~~~~~~~~~~~~~~~~~~~~^^^^^^^^^^^^^^^
  File "C:\Users\kyung\AppData\Local\Programs\Python\Python313\Lib\site-packages\websocket\_core.py", line 437, in recv_data_frame
    frame = self.recv_frame()
  File "C:\Users\kyung\AppData\Local\Programs\Python\Python313\Lib\site-packages\websocket\_core.py", line 478, in recv_frame
    return self.frame_buffer.recv_frame()
           ~~~~~~~~~~~~~~~~~~~~~~~~~~~~^^
  File "C:\Users\kyung\AppData\Local\Programs\Python\Python313\Lib\site-packages\websocket\_abnf.py", line 363, in recv_frame
    self.recv_header()
    ~~~~~~~~~~~~~~~~^^
  File "C:\Users\kyung\AppData\Local\Programs\Python\Python313\Lib\site-packages\websocket\_abnf.py", line 319, in recv_header
    header = self.recv_strict(2)
  File "C:\Users\kyung\AppData\Local\Programs\Python\Python313\Lib\site-packages\websocket\_abnf.py", line 398, in recv_strict
    bytes_ = self.recv(min(16384, shortage))
  File "C:\Users\kyung\AppData\Local\Programs\Python\Python313\Lib\site-packages\websocket\_core.py", line 563, in _recv
    return recv(self.sock, bufsize)
  File "C:\Users\kyung\AppData\Local\Programs\Python\Python313\Lib\site-packages\websocket\_socket.py", line 132, in recv
    raise WebSocketConnectionClosedException("Connection to remote host was lost.")
websocket._exceptions.WebSocketConnectionClosedException: Connection to remote host was lost.
2025-07-24 20:50:56,239 - INFO - Reconnecting in 5 seconds...
2025-07-24 20:50:56,244 - INFO - WebSocket status: authentication failed
2025-07-24 20:51:01,239 - INFO - Attempting WebSocket connection...
2025-07-24 20:51:01,410 - INFO - WebSocket connected and authenticated
2025-07-24 20:51:01,417 - INFO - WebSocket status: Connected Successfully
2025-07-24 20:51:01,454 - ERROR - Unexpected WebSocket error: Connection to remote host was lost.
Traceback (most recent call last):
  File "c:\Users\kyung\OneDrive\Desktop\project\StockScanner\nasdaqnyseamexticker.py", line 138, in _websocket_listener
    data = ws.recv()
  File "C:\Users\kyung\AppData\Local\Programs\Python\Python313\Lib\site-packages\websocket\_core.py", line 388, in recv
    opcode, data = self.recv_data()
                   ~~~~~~~~~~~~~~^^
  File "C:\Users\kyung\AppData\Local\Programs\Python\Python313\Lib\site-packages\websocket\_core.py", line 416, in recv_data
    opcode, frame = self.recv_data_frame(control_frame)
                    ~~~~~~~~~~~~~~~~~~~~^^^^^^^^^^^^^^^
  File "C:\Users\kyung\AppData\Local\Programs\Python\Python313\Lib\site-packages\websocket\_core.py", line 437, in recv_data_frame
    frame = self.recv_frame()
  File "C:\Users\kyung\AppData\Local\Programs\Python\Python313\Lib\site-packages\websocket\_core.py", line 478, in recv_frame
    return self.frame_buffer.recv_frame()
           ~~~~~~~~~~~~~~~~~~~~~~~~~~~~^^
  File "C:\Users\kyung\AppData\Local\Programs\Python\Python313\Lib\site-packages\websocket\_abnf.py", line 363, in recv_frame
    self.recv_header()
    ~~~~~~~~~~~~~~~~^^
  File "C:\Users\kyung\AppData\Local\Programs\Python\Python313\Lib\site-packages\websocket\_abnf.py", line 319, in recv_header
    header = self.recv_strict(2)
  File "C:\Users\kyung\AppData\Local\Programs\Python\Python313\Lib\site-packages\websocket\_abnf.py", line 398, in recv_strict
    bytes_ = self.recv(min(16384, shortage))
  File "C:\Users\kyung\AppData\Local\Programs\Python\Python313\Lib\site-packages\websocket\_core.py", line 563, in _recv
    return recv(self.sock, bufsize)
  File "C:\Users\kyung\AppData\Local\Programs\Python\Python313\Lib\site-packages\websocket\_socket.py", line 132, in recv
    raise WebSocketConnectionClosedException("Connection to remote host was lost.")
websocket._exceptions.WebSocketConnectionClosedException: Connection to remote host was lost.
2025-07-24 20:51:01,456 - INFO - Reconnecting in 5 seconds...
2025-07-24 20:51:01,458 - INFO - WebSocket status: authentication failed
2025-07-24 20:51:06,456 - INFO - Attempting WebSocket connection...
2025-07-24 20:51:06,631 - INFO - WebSocket connected and authenticated
2025-07-24 20:51:06,635 - INFO - WebSocket status: Connected Successfully
2025-07-24 20:51:06,675 - ERROR - Unexpected WebSocket error: Connection to remote host was lost.
Traceback (most recent call last):
  File "c:\Users\kyung\OneDrive\Desktop\project\StockScanner\nasdaqnyseamexticker.py", line 138, in _websocket_listener
    data = ws.recv()
  File "C:\Users\kyung\AppData\Local\Programs\Python\Python313\Lib\site-packages\websocket\_core.py", line 388, in recv
    opcode, data = self.recv_data()
                   ~~~~~~~~~~~~~~^^
  File "C:\Users\kyung\AppData\Local\Programs\Python\Python313\Lib\site-packages\websocket\_core.py", line 416, in recv_data
    opcode, frame = self.recv_data_frame(control_frame)
                    ~~~~~~~~~~~~~~~~~~~~^^^^^^^^^^^^^^^
  File "C:\Users\kyung\AppData\Local\Programs\Python\Python313\Lib\site-packages\websocket\_core.py", line 437, in recv_data_frame
    frame = self.recv_frame()
  File "C:\Users\kyung\AppData\Local\Programs\Python\Python313\Lib\site-packages\websocket\_core.py", line 478, in recv_frame
    return self.frame_buffer.recv_frame()
           ~~~~~~~~~~~~~~~~~~~~~~~~~~~~^^
  File "C:\Users\kyung\AppData\Local\Programs\Python\Python313\Lib\site-packages\websocket\_abnf.py", line 363, in recv_frame
    self.recv_header()
    ~~~~~~~~~~~~~~~~^^
  File "C:\Users\kyung\AppData\Local\Programs\Python\Python313\Lib\site-packages\websocket\_abnf.py", line 319, in recv_header
    header = self.recv_strict(2)
  File "C:\Users\kyung\AppData\Local\Programs\Python\Python313\Lib\site-packages\websocket\_abnf.py", line 398, in recv_strict
    bytes_ = self.recv(min(16384, shortage))
  File "C:\Users\kyung\AppData\Local\Programs\Python\Python313\Lib\site-packages\websocket\_core.py", line 563, in _recv
    return recv(self.sock, bufsize)
  File "C:\Users\kyung\AppData\Local\Programs\Python\Python313\Lib\site-packages\websocket\_socket.py", line 132, in recv
    raise WebSocketConnectionClosedException("Connection to remote host was lost.")
websocket._exceptions.WebSocketConnectionClosedException: Connection to remote host was lost.
2025-07-24 20:51:06,676 - INFO - WebSocket status: authentication failed
2025-07-24 20:51:06,677 - INFO - Reconnecting in 5 seconds...
2025-07-24 20:51:11,677 - INFO - Attempting WebSocket connection...
2025-07-24 20:51:11,879 - INFO - WebSocket connected and authenticated
2025-07-24 20:51:11,882 - INFO - WebSocket status: Connected Successfully
2025-07-24 20:51:11,924 - ERROR - Unexpected WebSocket error: Connection to remote host was lost.
Traceback (most recent call last):
  File "c:\Users\kyung\OneDrive\Desktop\project\StockScanner\nasdaqnyseamexticker.py", line 138, in _websocket_listener
    data = ws.recv()
  File "C:\Users\kyung\AppData\Local\Programs\Python\Python313\Lib\site-packages\websocket\_core.py", line 388, in recv
    opcode, data = self.recv_data()
                   ~~~~~~~~~~~~~~^^
  File "C:\Users\kyung\AppData\Local\Programs\Python\Python313\Lib\site-packages\websocket\_core.py", line 416, in recv_data
    opcode, frame = self.recv_data_frame(control_frame)
                    ~~~~~~~~~~~~~~~~~~~~^^^^^^^^^^^^^^^
  File "C:\Users\kyung\AppData\Local\Programs\Python\Python313\Lib\site-packages\websocket\_core.py", line 437, in recv_data_frame
    frame = self.recv_frame()
  File "C:\Users\kyung\AppData\Local\Programs\Python\Python313\Lib\site-packages\websocket\_core.py", line 478, in recv_frame
    return self.frame_buffer.recv_frame()
           ~~~~~~~~~~~~~~~~~~~~~~~~~~~~^^
  File "C:\Users\kyung\AppData\Local\Programs\Python\Python313\Lib\site-packages\websocket\_abnf.py", line 363, in recv_frame
    self.recv_header()
    ~~~~~~~~~~~~~~~~^^
  File "C:\Users\kyung\AppData\Local\Programs\Python\Python313\Lib\site-packages\websocket\_abnf.py", line 319, in recv_header
    header = self.recv_strict(2)
  File "C:\Users\kyung\AppData\Local\Programs\Python\Python313\Lib\site-packages\websocket\_abnf.py", line 398, in recv_strict
    bytes_ = self.recv(min(16384, shortage))
  File "C:\Users\kyung\AppData\Local\Programs\Python\Python313\Lib\site-packages\websocket\_core.py", line 563, in _recv
    return recv(self.sock, bufsize)
  File "C:\Users\kyung\AppData\Local\Programs\Python\Python313\Lib\site-packages\websocket\_socket.py", line 132, in recv
    raise WebSocketConnectionClosedException("Connection to remote host was lost.")
websocket._exceptions.WebSocketConnectionClosedException: Connection to remote host was lost.
2025-07-24 20:51:11,926 - INFO - Reconnecting in 5 seconds...
2025-07-24 20:51:11,933 - INFO - WebSocket status: authentication failed
2025-07-24 20:51:16,926 - INFO - Attempting WebSocket connection...
2025-07-24 20:51:17,108 - INFO - WebSocket connected and authenticated
2025-07-24 20:51:17,118 - INFO - WebSocket status: Connected Successfully
2025-07-24 20:51:17,155 - ERROR - Unexpected WebSocket error: Connection to remote host was lost.
Traceback (most recent call last):
  File "c:\Users\kyung\OneDrive\Desktop\project\StockScanner\nasdaqnyseamexticker.py", line 138, in _websocket_listener
    data = ws.recv()
  File "C:\Users\kyung\AppData\Local\Programs\Python\Python313\Lib\site-packages\websocket\_core.py", line 388, in recv
    opcode, data = self.recv_data()
                   ~~~~~~~~~~~~~~^^
  File "C:\Users\kyung\AppData\Local\Programs\Python\Python313\Lib\site-packages\websocket\_core.py", line 416, in recv_data
    opcode, frame = self.recv_data_frame(control_frame)
                    ~~~~~~~~~~~~~~~~~~~~^^^^^^^^^^^^^^^
  File "C:\Users\kyung\AppData\Local\Programs\Python\Python313\Lib\site-packages\websocket\_core.py", line 437, in recv_data_frame
    frame = self.recv_frame()
  File "C:\Users\kyung\AppData\Local\Programs\Python\Python313\Lib\site-packages\websocket\_core.py", line 478, in recv_frame
    return self.frame_buffer.recv_frame()
           ~~~~~~~~~~~~~~~~~~~~~~~~~~~~^^
  File "C:\Users\kyung\AppData\Local\Programs\Python\Python313\Lib\site-packages\websocket\_abnf.py", line 363, in recv_frame
    self.recv_header()
    ~~~~~~~~~~~~~~~~^^
  File "C:\Users\kyung\AppData\Local\Programs\Python\Python313\Lib\site-packages\websocket\_abnf.py", line 319, in recv_header
    header = self.recv_strict(2)
  File "C:\Users\kyung\AppData\Local\Programs\Python\Python313\Lib\site-packages\websocket\_abnf.py", line 398, in recv_strict
    bytes_ = self.recv(min(16384, shortage))
  File "C:\Users\kyung\AppData\Local\Programs\Python\Python313\Lib\site-packages\websocket\_core.py", line 563, in _recv
    return recv(self.sock, bufsize)
  File "C:\Users\kyung\AppData\Local\Programs\Python\Python313\Lib\site-packages\websocket\_socket.py", line 132, in recv
    raise WebSocketConnectionClosedException("Connection to remote host was lost.")
websocket._exceptions.WebSocketConnectionClosedException: Connection to remote host was lost.
2025-07-24 20:51:17,157 - INFO - Reconnecting in 5 seconds...
2025-07-24 20:51:17,159 - INFO - WebSocket status: authentication failed
2025-07-24 20:51:22,157 - INFO - Attempting WebSocket connection...
2025-07-24 20:51:22,337 - INFO - WebSocket connected and authenticated
2025-07-24 20:51:22,341 - INFO - WebSocket status: Connected Successfully
2025-07-24 20:51:22,383 - ERROR - Unexpected WebSocket error: Connection to remote host was lost.
Traceback (most recent call last):
  File "c:\Users\kyung\OneDrive\Desktop\project\StockScanner\nasdaqnyseamexticker.py", line 138, in _websocket_listener
    data = ws.recv()
  File "C:\Users\kyung\AppData\Local\Programs\Python\Python313\Lib\site-packages\websocket\_core.py", line 388, in recv
    opcode, data = self.recv_data()
                   ~~~~~~~~~~~~~~^^
  File "C:\Users\kyung\AppData\Local\Programs\Python\Python313\Lib\site-packages\websocket\_core.py", line 416, in recv_data
    opcode, frame = self.recv_data_frame(control_frame)
                    ~~~~~~~~~~~~~~~~~~~~^^^^^^^^^^^^^^^
  File "C:\Users\kyung\AppData\Local\Programs\Python\Python313\Lib\site-packages\websocket\_core.py", line 437, in recv_data_frame
    frame = self.recv_frame()
  File "C:\Users\kyung\AppData\Local\Programs\Python\Python313\Lib\site-packages\websocket\_core.py", line 478, in recv_frame
    return self.frame_buffer.recv_frame()
           ~~~~~~~~~~~~~~~~~~~~~~~~~~~~^^
  File "C:\Users\kyung\AppData\Local\Programs\Python\Python313\Lib\site-packages\websocket\_abnf.py", line 363, in recv_frame
    self.recv_header()
    ~~~~~~~~~~~~~~~~^^
  File "C:\Users\kyung\AppData\Local\Programs\Python\Python313\Lib\site-packages\websocket\_abnf.py", line 319, in recv_header
    header = self.recv_strict(2)
  File "C:\Users\kyung\AppData\Local\Programs\Python\Python313\Lib\site-packages\websocket\_abnf.py", line 398, in recv_strict
    bytes_ = self.recv(min(16384, shortage))
  File "C:\Users\kyung\AppData\Local\Programs\Python\Python313\Lib\site-packages\websocket\_core.py", line 563, in _recv
    return recv(self.sock, bufsize)
  File "C:\Users\kyung\AppData\Local\Programs\Python\Python313\Lib\site-packages\websocket\_socket.py", line 132, in recv
    raise WebSocketConnectionClosedException("Connection to remote host was lost.")
websocket._exceptions.WebSocketConnectionClosedException: Connection to remote host was lost.
2025-07-24 20:51:22,385 - INFO - Reconnecting in 5 seconds...
2025-07-24 20:51:22,392 - INFO - WebSocket status: authentication failed
2025-07-24 20:51:27,385 - INFO - Attempting WebSocket connection...
2025-07-24 20:51:27,574 - INFO - WebSocket connected and authenticated
2025-07-24 20:51:27,582 - INFO - WebSocket status: Connected Successfully
2025-07-24 20:51:27,621 - ERROR - Unexpected WebSocket error: Connection to remote host was lost.
Traceback (most recent call last):
  File "c:\Users\kyung\OneDrive\Desktop\project\StockScanner\nasdaqnyseamexticker.py", line 138, in _websocket_listener
    data = ws.recv()
  File "C:\Users\kyung\AppData\Local\Programs\Python\Python313\Lib\site-packages\websocket\_core.py", line 388, in recv
    opcode, data = self.recv_data()
                   ~~~~~~~~~~~~~~^^
  File "C:\Users\kyung\AppData\Local\Programs\Python\Python313\Lib\site-packages\websocket\_core.py", line 416, in recv_data
    opcode, frame = self.recv_data_frame(control_frame)
                    ~~~~~~~~~~~~~~~~~~~~^^^^^^^^^^^^^^^
  File "C:\Users\kyung\AppData\Local\Programs\Python\Python313\Lib\site-packages\websocket\_core.py", line 437, in recv_data_frame
    frame = self.recv_frame()
  File "C:\Users\kyung\AppData\Local\Programs\Python\Python313\Lib\site-packages\websocket\_core.py", line 478, in recv_frame
    return self.frame_buffer.recv_frame()
           ~~~~~~~~~~~~~~~~~~~~~~~~~~~~^^
  File "C:\Users\kyung\AppData\Local\Programs\Python\Python313\Lib\site-packages\websocket\_abnf.py", line 363, in recv_frame
    self.recv_header()
    ~~~~~~~~~~~~~~~~^^
  File "C:\Users\kyung\AppData\Local\Programs\Python\Python313\Lib\site-packages\websocket\_abnf.py", line 319, in recv_header
    header = self.recv_strict(2)
  File "C:\Users\kyung\AppData\Local\Programs\Python\Python313\Lib\site-packages\websocket\_abnf.py", line 398, in recv_strict
    bytes_ = self.recv(min(16384, shortage))
  File "C:\Users\kyung\AppData\Local\Programs\Python\Python313\Lib\site-packages\websocket\_core.py", line 563, in _recv
    return recv(self.sock, bufsize)
  File "C:\Users\kyung\AppData\Local\Programs\Python\Python313\Lib\site-packages\websocket\_socket.py", line 132, in recv
    raise WebSocketConnectionClosedException("Connection to remote host was lost.")
websocket._exceptions.WebSocketConnectionClosedException: Connection to remote host was lost.
2025-07-24 20:51:27,623 - INFO - Reconnecting in 5 seconds...
2025-07-24 20:51:27,624 - INFO - WebSocket status: authentication failed
2025-07-24 20:51:32,623 - INFO - Attempting WebSocket connection...
2025-07-24 20:51:32,796 - INFO - WebSocket connected and authenticated
2025-07-24 20:51:32,797 - INFO - WebSocket status: Connected Successfully
2025-07-24 20:51:32,840 - ERROR - Unexpected WebSocket error: Connection to remote host was lost.
Traceback (most recent call last):
  File "c:\Users\kyung\OneDrive\Desktop\project\StockScanner\nasdaqnyseamexticker.py", line 138, in _websocket_listener
    data = ws.recv()
  File "C:\Users\kyung\AppData\Local\Programs\Python\Python313\Lib\site-packages\websocket\_core.py", line 388, in recv
    opcode, data = self.recv_data()
                   ~~~~~~~~~~~~~~^^
  File "C:\Users\kyung\AppData\Local\Programs\Python\Python313\Lib\site-packages\websocket\_core.py", line 416, in recv_data
    opcode, frame = self.recv_data_frame(control_frame)
                    ~~~~~~~~~~~~~~~~~~~~^^^^^^^^^^^^^^^
  File "C:\Users\kyung\AppData\Local\Programs\Python\Python313\Lib\site-packages\websocket\_core.py", line 437, in recv_data_frame
    frame = self.recv_frame()
  File "C:\Users\kyung\AppData\Local\Programs\Python\Python313\Lib\site-packages\websocket\_core.py", line 478, in recv_frame
    return self.frame_buffer.recv_frame()
           ~~~~~~~~~~~~~~~~~~~~~~~~~~~~^^
  File "C:\Users\kyung\AppData\Local\Programs\Python\Python313\Lib\site-packages\websocket\_abnf.py", line 363, in recv_frame
    self.recv_header()
    ~~~~~~~~~~~~~~~~^^
  File "C:\Users\kyung\AppData\Local\Programs\Python\Python313\Lib\site-packages\websocket\_abnf.py", line 319, in recv_header
    header = self.recv_strict(2)
  File "C:\Users\kyung\AppData\Local\Programs\Python\Python313\Lib\site-packages\websocket\_abnf.py", line 398, in recv_strict
    bytes_ = self.recv(min(16384, shortage))
  File "C:\Users\kyung\AppData\Local\Programs\Python\Python313\Lib\site-packages\websocket\_core.py", line 563, in _recv
    return recv(self.sock, bufsize)
  File "C:\Users\kyung\AppData\Local\Programs\Python\Python313\Lib\site-packages\websocket\_socket.py", line 132, in recv
    raise WebSocketConnectionClosedException("Connection to remote host was lost.")
websocket._exceptions.WebSocketConnectionClosedException: Connection to remote host was lost.
2025-07-24 20:51:32,842 - INFO - Reconnecting in 5 seconds...
2025-07-24 20:51:32,849 - INFO - WebSocket status: authentication failed
2025-07-24 20:51:37,842 - INFO - Attempting WebSocket connection...
2025-07-24 20:51:38,014 - INFO - WebSocket connected and authenticated
2025-07-24 20:51:38,022 - INFO - WebSocket status: Connected Successfully
2025-07-24 20:51:38,057 - ERROR - Unexpected WebSocket error: Connection to remote host was lost.
Traceback (most recent call last):
  File "c:\Users\kyung\OneDrive\Desktop\project\StockScanner\nasdaqnyseamexticker.py", line 138, in _websocket_listener
    data = ws.recv()
  File "C:\Users\kyung\AppData\Local\Programs\Python\Python313\Lib\site-packages\websocket\_core.py", line 388, in recv
    opcode, data = self.recv_data()
                   ~~~~~~~~~~~~~~^^
  File "C:\Users\kyung\AppData\Local\Programs\Python\Python313\Lib\site-packages\websocket\_core.py", line 416, in recv_data
    opcode, frame = self.recv_data_frame(control_frame)
                    ~~~~~~~~~~~~~~~~~~~~^^^^^^^^^^^^^^^
  File "C:\Users\kyung\AppData\Local\Programs\Python\Python313\Lib\site-packages\websocket\_core.py", line 437, in recv_data_frame
    frame = self.recv_frame()
  File "C:\Users\kyung\AppData\Local\Programs\Python\Python313\Lib\site-packages\websocket\_core.py", line 478, in recv_frame
    return self.frame_buffer.recv_frame()
           ~~~~~~~~~~~~~~~~~~~~~~~~~~~~^^
  File "C:\Users\kyung\AppData\Local\Programs\Python\Python313\Lib\site-packages\websocket\_abnf.py", line 363, in recv_frame
    self.recv_header()
    ~~~~~~~~~~~~~~~~^^
  File "C:\Users\kyung\AppData\Local\Programs\Python\Python313\Lib\site-packages\websocket\_abnf.py", line 319, in recv_header
    header = self.recv_strict(2)
  File "C:\Users\kyung\AppData\Local\Programs\Python\Python313\Lib\site-packages\websocket\_abnf.py", line 398, in recv_strict
    bytes_ = self.recv(min(16384, shortage))
  File "C:\Users\kyung\AppData\Local\Programs\Python\Python313\Lib\site-packages\websocket\_core.py", line 563, in _recv
    return recv(self.sock, bufsize)
  File "C:\Users\kyung\AppData\Local\Programs\Python\Python313\Lib\site-packages\websocket\_socket.py", line 132, in recv
    raise WebSocketConnectionClosedException("Connection to remote host was lost.")
websocket._exceptions.WebSocketConnectionClosedException: Connection to remote host was lost.
2025-07-24 20:51:38,059 - INFO - Reconnecting in 5 seconds...
2025-07-24 20:51:38,063 - INFO - WebSocket status: authentication failed
2025-07-24 20:51:43,060 - INFO - Attempting WebSocket connection...
2025-07-24 20:51:43,266 - INFO - WebSocket connected and authenticated
2025-07-24 20:51:43,271 - INFO - WebSocket status: Connected Successfully
2025-07-24 20:51:43,310 - ERROR - Unexpected WebSocket error: Connection to remote host was lost.
Traceback (most recent call last):
  File "c:\Users\kyung\OneDrive\Desktop\project\StockScanner\nasdaqnyseamexticker.py", line 138, in _websocket_listener
    data = ws.recv()
  File "C:\Users\kyung\AppData\Local\Programs\Python\Python313\Lib\site-packages\websocket\_core.py", line 388, in recv
    opcode, data = self.recv_data()
                   ~~~~~~~~~~~~~~^^
  File "C:\Users\kyung\AppData\Local\Programs\Python\Python313\Lib\site-packages\websocket\_core.py", line 416, in recv_data
    opcode, frame = self.recv_data_frame(control_frame)
                    ~~~~~~~~~~~~~~~~~~~~^^^^^^^^^^^^^^^
  File "C:\Users\kyung\AppData\Local\Programs\Python\Python313\Lib\site-packages\websocket\_core.py", line 437, in recv_data_frame
    frame = self.recv_frame()
  File "C:\Users\kyung\AppData\Local\Programs\Python\Python313\Lib\site-packages\websocket\_core.py", line 478, in recv_frame
    return self.frame_buffer.recv_frame()
           ~~~~~~~~~~~~~~~~~~~~~~~~~~~~^^
  File "C:\Users\kyung\AppData\Local\Programs\Python\Python313\Lib\site-packages\websocket\_abnf.py", line 363, in recv_frame
    self.recv_header()
    ~~~~~~~~~~~~~~~~^^
  File "C:\Users\kyung\AppData\Local\Programs\Python\Python313\Lib\site-packages\websocket\_abnf.py", line 319, in recv_header
    header = self.recv_strict(2)
  File "C:\Users\kyung\AppData\Local\Programs\Python\Python313\Lib\site-packages\websocket\_abnf.py", line 398, in recv_strict
    bytes_ = self.recv(min(16384, shortage))
  File "C:\Users\kyung\AppData\Local\Programs\Python\Python313\Lib\site-packages\websocket\_core.py", line 563, in _recv
    return recv(self.sock, bufsize)
  File "C:\Users\kyung\AppData\Local\Programs\Python\Python313\Lib\site-packages\websocket\_socket.py", line 132, in recv
    raise WebSocketConnectionClosedException("Connection to remote host was lost.")
websocket._exceptions.WebSocketConnectionClosedException: Connection to remote host was lost.
2025-07-24 20:51:43,312 - INFO - Reconnecting in 5 seconds...
2025-07-24 20:51:43,313 - INFO - WebSocket status: authentication failed
2025-07-24 20:51:48,312 - INFO - Attempting WebSocket connection...
2025-07-24 20:51:48,485 - INFO - WebSocket connected and authenticated
2025-07-24 20:51:48,491 - INFO - WebSocket status: Connected Successfully
2025-07-24 20:51:48,528 - ERROR - Unexpected WebSocket error: Connection to remote host was lost.
Traceback (most recent call last):
  File "c:\Users\kyung\OneDrive\Desktop\project\StockScanner\nasdaqnyseamexticker.py", line 138, in _websocket_listener
    data = ws.recv()
  File "C:\Users\kyung\AppData\Local\Programs\Python\Python313\Lib\site-packages\websocket\_core.py", line 388, in recv
    opcode, data = self.recv_data()
                   ~~~~~~~~~~~~~~^^
  File "C:\Users\kyung\AppData\Local\Programs\Python\Python313\Lib\site-packages\websocket\_core.py", line 416, in recv_data
    opcode, frame = self.recv_data_frame(control_frame)
                    ~~~~~~~~~~~~~~~~~~~~^^^^^^^^^^^^^^^
  File "C:\Users\kyung\AppData\Local\Programs\Python\Python313\Lib\site-packages\websocket\_core.py", line 437, in recv_data_frame
    frame = self.recv_frame()
  File "C:\Users\kyung\AppData\Local\Programs\Python\Python313\Lib\site-packages\websocket\_core.py", line 478, in recv_frame
    return self.frame_buffer.recv_frame()
           ~~~~~~~~~~~~~~~~~~~~~~~~~~~~^^
  File "C:\Users\kyung\AppData\Local\Programs\Python\Python313\Lib\site-packages\websocket\_abnf.py", line 363, in recv_frame
    self.recv_header()
    ~~~~~~~~~~~~~~~~^^
  File "C:\Users\kyung\AppData\Local\Programs\Python\Python313\Lib\site-packages\websocket\_abnf.py", line 319, in recv_header
    header = self.recv_strict(2)
  File "C:\Users\kyung\AppData\Local\Programs\Python\Python313\Lib\site-packages\websocket\_abnf.py", line 398, in recv_strict
    bytes_ = self.recv(min(16384, shortage))
  File "C:\Users\kyung\AppData\Local\Programs\Python\Python313\Lib\site-packages\websocket\_core.py", line 563, in _recv
    return recv(self.sock, bufsize)
  File "C:\Users\kyung\AppData\Local\Programs\Python\Python313\Lib\site-packages\websocket\_socket.py", line 132, in recv
    raise WebSocketConnectionClosedException("Connection to remote host was lost.")
websocket._exceptions.WebSocketConnectionClosedException: Connection to remote host was lost.
2025-07-24 20:51:48,530 - INFO - Reconnecting in 5 seconds...
2025-07-24 20:51:48,532 - INFO - WebSocket status: authentication failed
2025-07-24 20:51:53,531 - INFO - Attempting WebSocket connection...
2025-07-24 20:51:53,707 - INFO - WebSocket connected and authenticated
2025-07-24 20:51:53,714 - INFO - WebSocket status: Connected Successfully
2025-07-24 20:51:53,753 - ERROR - Unexpected WebSocket error: Connection to remote host was lost.
Traceback (most recent call last):
  File "c:\Users\kyung\OneDrive\Desktop\project\StockScanner\nasdaqnyseamexticker.py", line 138, in _websocket_listener
    data = ws.recv()
  File "C:\Users\kyung\AppData\Local\Programs\Python\Python313\Lib\site-packages\websocket\_core.py", line 388, in recv
    opcode, data = self.recv_data()
                   ~~~~~~~~~~~~~~^^
  File "C:\Users\kyung\AppData\Local\Programs\Python\Python313\Lib\site-packages\websocket\_core.py", line 416, in recv_data
    opcode, frame = self.recv_data_frame(control_frame)
                    ~~~~~~~~~~~~~~~~~~~~^^^^^^^^^^^^^^^
  File "C:\Users\kyung\AppData\Local\Programs\Python\Python313\Lib\site-packages\websocket\_core.py", line 437, in recv_data_frame
    frame = self.recv_frame()
  File "C:\Users\kyung\AppData\Local\Programs\Python\Python313\Lib\site-packages\websocket\_core.py", line 478, in recv_frame
    return self.frame_buffer.recv_frame()
           ~~~~~~~~~~~~~~~~~~~~~~~~~~~~^^
  File "C:\Users\kyung\AppData\Local\Programs\Python\Python313\Lib\site-packages\websocket\_abnf.py", line 363, in recv_frame
    self.recv_header()
    ~~~~~~~~~~~~~~~~^^
  File "C:\Users\kyung\AppData\Local\Programs\Python\Python313\Lib\site-packages\websocket\_abnf.py", line 319, in recv_header
    header = self.recv_strict(2)
  File "C:\Users\kyung\AppData\Local\Programs\Python\Python313\Lib\site-packages\websocket\_abnf.py", line 398, in recv_strict
    bytes_ = self.recv(min(16384, shortage))
  File "C:\Users\kyung\AppData\Local\Programs\Python\Python313\Lib\site-packages\websocket\_core.py", line 563, in _recv
    return recv(self.sock, bufsize)
  File "C:\Users\kyung\AppData\Local\Programs\Python\Python313\Lib\site-packages\websocket\_socket.py", line 132, in recv
    raise WebSocketConnectionClosedException("Connection to remote host was lost.")
websocket._exceptions.WebSocketConnectionClosedException: Connection to remote host was lost.
2025-07-24 20:51:53,755 - INFO - Reconnecting in 5 seconds...
2025-07-24 20:51:53,756 - INFO - WebSocket status: authentication failed
2025-07-24 20:51:58,755 - INFO - Attempting WebSocket connection...
2025-07-24 20:51:59,166 - INFO - WebSocket connected and authenticated
2025-07-24 20:51:59,170 - INFO - WebSocket status: Connected Successfully
2025-07-24 20:51:59,269 - ERROR - Unexpected WebSocket error: Connection to remote host was lost.
Traceback (most recent call last):
  File "c:\Users\kyung\OneDrive\Desktop\project\StockScanner\nasdaqnyseamexticker.py", line 138, in _websocket_listener
    data = ws.recv()
  File "C:\Users\kyung\AppData\Local\Programs\Python\Python313\Lib\site-packages\websocket\_core.py", line 388, in recv
    opcode, data = self.recv_data()
                   ~~~~~~~~~~~~~~^^
  File "C:\Users\kyung\AppData\Local\Programs\Python\Python313\Lib\site-packages\websocket\_core.py", line 416, in recv_data
    opcode, frame = self.recv_data_frame(control_frame)
                    ~~~~~~~~~~~~~~~~~~~~^^^^^^^^^^^^^^^
  File "C:\Users\kyung\AppData\Local\Programs\Python\Python313\Lib\site-packages\websocket\_core.py", line 437, in recv_data_frame
    frame = self.recv_frame()
  File "C:\Users\kyung\AppData\Local\Programs\Python\Python313\Lib\site-packages\websocket\_core.py", line 478, in recv_frame
    return self.frame_buffer.recv_frame()
           ~~~~~~~~~~~~~~~~~~~~~~~~~~~~^^
  File "C:\Users\kyung\AppData\Local\Programs\Python\Python313\Lib\site-packages\websocket\_abnf.py", line 363, in recv_frame
    self.recv_header()
    ~~~~~~~~~~~~~~~~^^
  File "C:\Users\kyung\AppData\Local\Programs\Python\Python313\Lib\site-packages\websocket\_abnf.py", line 319, in recv_header
    header = self.recv_strict(2)
  File "C:\Users\kyung\AppData\Local\Programs\Python\Python313\Lib\site-packages\websocket\_abnf.py", line 398, in recv_strict
    bytes_ = self.recv(min(16384, shortage))
  File "C:\Users\kyung\AppData\Local\Programs\Python\Python313\Lib\site-packages\websocket\_core.py", line 563, in _recv
    return recv(self.sock, bufsize)
  File "C:\Users\kyung\AppData\Local\Programs\Python\Python313\Lib\site-packages\websocket\_socket.py", line 132, in recv
    raise WebSocketConnectionClosedException("Connection to remote host was lost.")
websocket._exceptions.WebSocketConnectionClosedException: Connection to remote host was lost.
2025-07-24 20:51:59,271 - INFO - Reconnecting in 5 seconds...
2025-07-24 20:51:59,271 - INFO - WebSocket status: authentication failed
2025-07-24 20:52:04,272 - INFO - Attempting WebSocket connection...
2025-07-24 20:52:04,446 - INFO - WebSocket connected and authenticated
2025-07-24 20:52:04,452 - INFO - WebSocket status: Connected Successfully
2025-07-24 20:52:04,491 - ERROR - Unexpected WebSocket error: Connection to remote host was lost.
Traceback (most recent call last):
  File "c:\Users\kyung\OneDrive\Desktop\project\StockScanner\nasdaqnyseamexticker.py", line 138, in _websocket_listener
    data = ws.recv()
  File "C:\Users\kyung\AppData\Local\Programs\Python\Python313\Lib\site-packages\websocket\_core.py", line 388, in recv
    opcode, data = self.recv_data()
                   ~~~~~~~~~~~~~~^^
  File "C:\Users\kyung\AppData\Local\Programs\Python\Python313\Lib\site-packages\websocket\_core.py", line 416, in recv_data
    opcode, frame = self.recv_data_frame(control_frame)
                    ~~~~~~~~~~~~~~~~~~~~^^^^^^^^^^^^^^^
  File "C:\Users\kyung\AppData\Local\Programs\Python\Python313\Lib\site-packages\websocket\_core.py", line 437, in recv_data_frame
    frame = self.recv_frame()
  File "C:\Users\kyung\AppData\Local\Programs\Python\Python313\Lib\site-packages\websocket\_core.py", line 478, in recv_frame
    return self.frame_buffer.recv_frame()
           ~~~~~~~~~~~~~~~~~~~~~~~~~~~~^^
  File "C:\Users\kyung\AppData\Local\Programs\Python\Python313\Lib\site-packages\websocket\_abnf.py", line 363, in recv_frame
    self.recv_header()
    ~~~~~~~~~~~~~~~~^^
  File "C:\Users\kyung\AppData\Local\Programs\Python\Python313\Lib\site-packages\websocket\_abnf.py", line 319, in recv_header
    header = self.recv_strict(2)
  File "C:\Users\kyung\AppData\Local\Programs\Python\Python313\Lib\site-packages\websocket\_abnf.py", line 398, in recv_strict
    bytes_ = self.recv(min(16384, shortage))
  File "C:\Users\kyung\AppData\Local\Programs\Python\Python313\Lib\site-packages\websocket\_core.py", line 563, in _recv
    return recv(self.sock, bufsize)
  File "C:\Users\kyung\AppData\Local\Programs\Python\Python313\Lib\site-packages\websocket\_socket.py", line 132, in recv
    raise WebSocketConnectionClosedException("Connection to remote host was lost.")
websocket._exceptions.WebSocketConnectionClosedException: Connection to remote host was lost.
2025-07-24 20:52:04,492 - INFO - Reconnecting in 5 seconds...
2025-07-24 20:52:04,493 - INFO - WebSocket status: authentication failed
2025-07-24 20:52:09,493 - INFO - Attempting WebSocket connection...
2025-07-24 20:52:09,670 - INFO - WebSocket connected and authenticated
2025-07-24 20:52:09,675 - INFO - WebSocket status: Connected Successfully
2025-07-24 20:52:09,716 - ERROR - Unexpected WebSocket error: Connection to remote host was lost.
Traceback (most recent call last):
  File "c:\Users\kyung\OneDrive\Desktop\project\StockScanner\nasdaqnyseamexticker.py", line 138, in _websocket_listener
    retry_count = 0  # Reset on success
                   ^^^^^^^^^
  File "C:\Users\kyung\AppData\Local\Programs\Python\Python313\Lib\site-packages\websocket\_core.py", line 388, in recv
    opcode, data = self.recv_data()
                   ~~~~~~~~~~~~~~^^
  File "C:\Users\kyung\AppData\Local\Programs\Python\Python313\Lib\site-packages\websocket\_core.py", line 416, in recv_data
    opcode, frame = self.recv_data_frame(control_frame)
                    ~~~~~~~~~~~~~~~~~~~~^^^^^^^^^^^^^^^
  File "C:\Users\kyung\AppData\Local\Programs\Python\Python313\Lib\site-packages\websocket\_core.py", line 437, in recv_data_frame
    frame = self.recv_frame()
  File "C:\Users\kyung\AppData\Local\Programs\Python\Python313\Lib\site-packages\websocket\_core.py", line 478, in recv_frame
    return self.frame_buffer.recv_frame()
           ~~~~~~~~~~~~~~~~~~~~~~~~~~~~^^
  File "C:\Users\kyung\AppData\Local\Programs\Python\Python313\Lib\site-packages\websocket\_abnf.py", line 363, in recv_frame
    self.recv_header()
    ~~~~~~~~~~~~~~~~^^
  File "C:\Users\kyung\AppData\Local\Programs\Python\Python313\Lib\site-packages\websocket\_abnf.py", line 319, in recv_header
    header = self.recv_strict(2)
  File "C:\Users\kyung\AppData\Local\Programs\Python\Python313\Lib\site-packages\websocket\_abnf.py", line 398, in recv_strict
    bytes_ = self.recv(min(16384, shortage))
  File "C:\Users\kyung\AppData\Local\Programs\Python\Python313\Lib\site-packages\websocket\_core.py", line 563, in _recv
    return recv(self.sock, bufsize)
  File "C:\Users\kyung\AppData\Local\Programs\Python\Python313\Lib\site-packages\websocket\_socket.py", line 132, in recv
    raise WebSocketConnectionClosedException("Connection to remote host was lost.")
websocket._exceptions.WebSocketConnectionClosedException: Connection to remote host was lost.
2025-07-24 20:52:09,717 - INFO - WebSocket status: authentication failed
2025-07-24 20:52:09,729 - INFO - Reconnecting in 5 seconds...
2025-07-24 20:52:13,013 - INFO - Loaded 8175 cached tickers
2025-07-24 20:52:13,013 - INFO - Connecting attempt 1/5
2025-07-24 20:52:13,014 - INFO - Scanner started
2025-07-24 20:53:26,153 - INFO - Loaded 8175 cached tickers
2025-07-24 20:53:26,153 - CRITICAL - Fatal error: 'PolygonTickerScanner' object has no attribute 'start'
Traceback (most recent call last):
  File "c:\Users\kyung\OneDrive\Desktop\project\StockScanner\nasdaqnyseamexticker.py", line 273, in <module>
    scanner.start()
    ^^^^^^^^^^^^^
AttributeError: 'PolygonTickerScanner' object has no attribute 'start'
