2025-09-05 17:18:48,811 - MarketRegimeScanner - INFO - Using local timezone: America/Chicago
2025-09-05 17:18:48,811 - MarketRegimeScanner - INFO - Using PostgreSQL database: stock_scanner
2025-09-05 17:18:48,812 - MarketRegimeScanner - INFO - Using composite indices: ^IXIC
2025-09-05 17:18:48,949 - MarketRegimeScanner - INFO - Using PostgreSQL database: stock_scanner
2025-09-05 17:18:48,984 - MarketRegimeScanner - INFO - Loaded 3250 tickers from database
2025-09-05 17:18:48,986 - MarketRegimeScanner - INFO - Ticker scanner started
2025-09-05 17:18:48,986 - MarketRegimeScanner - INFO - Market regime scanner started
2025-09-05 17:18:48,987 - MarketRegimeScanner - INFO - Starting immediate ticker scan on startup
2025-09-05 17:18:48,987 - MarketRegimeScanner - INFO - Starting full ticker refresh
2025-09-05 17:18:48,987 - MarketRegimeScanner - INFO - Fetching tickers for composite index ^IXIC
2025-09-05 17:18:50,155 - MarketRegimeScanner - INFO - Completed ^IXIC: 3250 stocks across 6 pages
2025-09-05 17:18:50,528 - MarketRegimeScanner - INFO - Ticker refresh completed in 1.54s
2025-09-05 17:18:50,528 - MarketRegimeScanner - INFO - Total: 3250 | Added: 0 | Removed: 0
2025-09-05 17:18:50,528 - MarketRegimeScanner - INFO - Database: 0 inserted, 3250 updated
2025-09-05 17:18:50,529 - MarketRegimeScanner - INFO - Initial ticker scan completed successfully
2025-09-05 17:18:50,529 - MarketRegimeScanner - INFO - Next ticker refresh scheduled at 2025-09-06 08:30:00-05:00 (15.0 hours and 11.0 minutes from now)
2025-09-05 17:18:50,990 - MarketRegimeScanner - INFO - Waiting for initial ticker scan to complete before starting market regime scan
2025-09-05 17:18:50,990 - MarketRegimeScanner - INFO - Next database maintenance scheduled at 2025-09-06 02:00:00 (8.0 hours and 41.0 minutes from now)
2025-09-05 17:18:56,005 - MarketRegimeScanner - INFO - Starting immediate market regime scan
2025-09-05 17:18:56,005 - MarketRegimeScanner - INFO - Starting market regime scan
2025-09-05 17:18:56,005 - MarketRegimeScanner - INFO - Fetching 365 days of market data for regime analysis
2025-09-05 17:18:56,167 - MarketRegimeScanner - INFO - Fetched market data with shape: (251, 5)
2025-09-05 17:18:56,225 - MarketRegimeScanner - INFO - Calculated advanced features with shape: (251, 13), NaNs: 0
2025-09-05 17:18:56,357 - MarketRegimeScanner - INFO - Feature validation completed. Final shape: (251, 13), NaNs: 0
2025-09-05 17:18:56,359 - MarketRegimeScanner - INFO - Feature validation completed. Final shape: (251, 14), NaNs: 0
2025-09-05 17:18:56,363 - MarketRegimeScanner - INFO - Feature validation completed. Final shape: (251, 27), NaNs: 0
2025-09-05 17:18:59,471 - MarketRegimeScanner - INFO - Deep learning models trained
2025-09-05 17:18:59,740 - MarketRegimeScanner - INFO - Enhanced ensemble model training completed
2025-09-05 17:18:59,740 - MarketRegimeScanner - INFO - PCA explained variance ratio: 0.954
2025-09-05 17:18:59,759 - MarketRegimeScanner - INFO - Current market regime: Bull Market (confidence: 0.77)
2025-09-05 17:18:59,760 - MarketRegimeScanner - INFO - Market regime scan completed in 3.75s
2025-09-05 17:18:59,760 - MarketRegimeScanner - INFO - Initial market regime scan completed successfully
2025-09-05 17:18:59,760 - MarketRegimeScanner - INFO - Next market regime scan at 18:00:00 (0.0 hours and 41.0 minutes from now)
2025-09-05 17:24:56,163 - MarketRegimeScanner - INFO - Ticker scanner stopped
2025-09-05 17:24:56,163 - MarketRegimeScanner - INFO - Market regime scanner stopped
2025-09-05 17:24:56,164 - MarketRegimeScanner - INFO - Main task cancelled
2025-09-05 17:24:56,164 - MarketRegimeScanner - INFO - Ticker scanner stopped
2025-09-05 17:24:56,164 - MarketRegimeScanner - INFO - Ticker scanner shutdown complete
2025-09-05 17:24:56,164 - MarketRegimeScanner - INFO - Market regime scanner stopped
2025-09-05 17:24:56,164 - MarketRegimeScanner - INFO - Market regime scanner shutdown complete
2025-09-05 17:24:56,164 - MarketRegimeScanner - INFO - Sleep interrupted by shutdown
2025-09-05 17:24:56,165 - MarketRegimeScanner - INFO - Database maintenance scheduling cancelled
2025-09-05 17:24:56,165 - MarketRegimeScanner - INFO - Sleep interrupted by shutdown
