2025-08-29 14:38:22,994 - MarketRegimeScanner - INFO - Using local timezone: America/Chicago
2025-08-29 14:38:22,994 - MarketRegimeScanner - INFO - Database path: C:\Users\kyung\StockScanner\core\ticker_data.db
2025-08-29 14:38:22,994 - MarketRegimeScanner - INFO - Using composite indices: ^IXIC
2025-08-29 14:38:23,004 - MarketRegimeScanner - INFO - Market regime database path: C:\Users\kyung\StockScanner\core\market_regime_data.db
2025-08-29 14:38:23,020 - MarketRegimeScanner - INFO - Loaded 3251 tickers from database
2025-08-29 14:38:23,021 - MarketRegimeScanner - INFO - Ticker scanner started
2025-08-29 14:38:23,022 - MarketRegimeScanner - INFO - Market regime scanner started
2025-08-29 14:38:23,023 - MarketRegimeScanner - INFO - Starting immediate ticker scan on startup
2025-08-29 14:38:23,025 - MarketRegimeScanner - INFO - Starting full ticker refresh
2025-08-29 14:38:23,025 - MarketRegimeScanner - INFO - Fetching tickers for composite index ^IXIC
2025-08-29 14:38:25,035 - MarketRegimeScanner - INFO - Waiting for initial ticker scan to complete before starting market regime scan
2025-08-29 14:38:25,036 - MarketRegimeScanner - INFO - Completed ^IXIC: 3251 stocks across 6 pages
2025-08-29 14:38:25,103 - MarketRegimeScanner - INFO - Ticker refresh completed in 2.08s
2025-08-29 14:38:25,103 - MarketRegimeScanner - INFO - Total: 3251 | Added: 0 | Removed: 0
2025-08-29 14:38:25,103 - MarketRegimeScanner - INFO - Database: 0 inserted, 3251 updated
2025-08-29 14:38:25,104 - MarketRegimeScanner - INFO - Initial ticker scan completed successfully
2025-08-29 14:38:25,104 - MarketRegimeScanner - INFO - Next ticker refresh scheduled at 2025-08-30 08:30:00-05:00 (17.0 hours and 51.0 minutes from now)
2025-08-29 14:38:30,047 - MarketRegimeScanner - INFO - Starting immediate market regime scan
2025-08-29 14:38:30,050 - MarketRegimeScanner - INFO - Starting market regime scan
2025-08-29 14:38:30,051 - MarketRegimeScanner - INFO - Fetching 365 days of market data for regime analysis
2025-08-29 14:38:30,357 - MarketRegimeScanner - INFO - Fetched market data with shape: (251, 1)
2025-08-29 14:38:30,413 - MarketRegimeScanner - INFO - Calculated advanced features with shape: (201, 13)
2025-08-29 14:38:32,796 - MarketRegimeScanner - INFO - Enhanced ensemble model training completed
2025-08-29 14:38:32,797 - MarketRegimeScanner - INFO - PCA explained variance ratio: 0.998
2025-08-29 14:38:32,807 - MarketRegimeScanner - INFO - Market regime scan completed in 2.76s
2025-08-29 14:38:32,807 - MarketRegimeScanner - INFO - Current market regime: Bear Market (confidence: 0.67)
2025-08-29 14:38:32,807 - MarketRegimeScanner - INFO - Details: Strong upward momentum
2025-08-29 14:38:32,809 - MarketRegimeScanner - INFO - Initial market regime scan completed successfully
2025-08-29 14:38:32,809 - MarketRegimeScanner - INFO - Next market regime scan at 15:00:00 (0.0 hours and 21.0 minutes from now)
2025-08-29 15:00:10,457 - MarketRegimeScanner - INFO - Starting scheduled market regime scan
2025-08-29 15:00:10,459 - MarketRegimeScanner - INFO - Starting market regime scan
2025-08-29 15:00:10,459 - MarketRegimeScanner - INFO - Fetching 365 days of market data for regime analysis
2025-08-29 15:00:10,829 - MarketRegimeScanner - INFO - Fetched market data with shape: (251, 1)
2025-08-29 15:00:10,886 - MarketRegimeScanner - INFO - Calculated advanced features with shape: (201, 13)
2025-08-29 15:00:10,897 - MarketRegimeScanner - INFO - Market regime scan completed in 0.44s
2025-08-29 15:00:10,898 - MarketRegimeScanner - INFO - Current market regime: Bear Market (confidence: 0.67)
2025-08-29 15:00:10,898 - MarketRegimeScanner - INFO - Details: Strong upward momentum
2025-08-29 15:00:10,898 - MarketRegimeScanner - INFO - Scheduled market regime scan completed successfully
2025-08-29 15:00:10,898 - MarketRegimeScanner - INFO - Next market regime scan at 16:00:00 (0.0 hours and 59.0 minutes from now)
2025-08-29 15:12:12,121 - MarketRegimeScanner - INFO - Ticker scanner stopped
2025-08-29 15:12:12,124 - MarketRegimeScanner - INFO - Market regime scanner stopped
2025-08-29 15:12:12,127 - MarketRegimeScanner - INFO - Main task cancelled
2025-08-29 15:12:12,127 - MarketRegimeScanner - INFO - Ticker scanner stopped
2025-08-29 15:12:12,128 - MarketRegimeScanner - INFO - Ticker scanner shutdown complete
2025-08-29 15:12:12,128 - MarketRegimeScanner - INFO - Market regime scanner stopped
2025-08-29 15:12:12,128 - MarketRegimeScanner - INFO - Market regime scanner shutdown complete
2025-08-29 15:12:12,129 - MarketRegimeScanner - INFO - Sleep interrupted by shutdown
2025-08-29 15:12:12,130 - MarketRegimeScanner - INFO - Sleep interrupted by shutdown
