2025-09-05 16:42:50,936 - MarketRegimeScanner - INFO - Using local timezone: America/Chicago
2025-09-05 16:42:50,937 - MarketRegimeScanner - INFO - Using PostgreSQL database: stock_scanner
2025-09-05 16:42:50,937 - MarketRegimeScanner - INFO - Using composite indices: ^IXIC
2025-09-05 16:42:51,211 - MarketRegimeScanner - INFO - Using PostgreSQL database: stock_scanner
2025-09-05 16:42:51,254 - MarketRegimeScanner - INFO - Loaded 3250 tickers from database
2025-09-05 16:42:51,257 - MarketRegimeScanner - INFO - Ticker scanner started
2025-09-05 16:42:51,257 - MarketRegimeScanner - INFO - Market regime scanner started
2025-09-05 16:42:51,258 - MarketRegimeScanner - INFO - Starting immediate ticker scan on startup
2025-09-05 16:42:51,258 - MarketRegimeScanner - INFO - Starting full ticker refresh
2025-09-05 16:42:51,259 - MarketRegimeScanner - INFO - Fetching tickers for composite index ^IXIC
2025-09-05 16:42:52,441 - MarketRegimeScanner - INFO - Completed ^IXIC: 3250 stocks across 6 pages
2025-09-05 16:42:52,842 - MarketRegimeScanner - INFO - Ticker refresh completed in 1.58s
2025-09-05 16:42:52,842 - MarketRegimeScanner - INFO - Total: 3250 | Added: 0 | Removed: 0
2025-09-05 16:42:52,842 - MarketRegimeScanner - INFO - Database: 0 inserted, 3250 updated
2025-09-05 16:42:52,843 - MarketRegimeScanner - INFO - Initial ticker scan completed successfully
2025-09-05 16:42:52,843 - MarketRegimeScanner - INFO - Next ticker refresh scheduled at 2025-09-06 08:30:00-05:00 (15.0 hours and 47.0 minutes from now)
2025-09-05 16:42:53,270 - MarketRegimeScanner - INFO - Waiting for initial ticker scan to complete before starting market regime scan
2025-09-05 16:42:53,270 - MarketRegimeScanner - INFO - Next database maintenance scheduled at 2025-09-06 02:00:00 (9.0 hours and 17.0 minutes from now)
2025-09-05 16:42:58,274 - MarketRegimeScanner - INFO - Starting immediate market regime scan
2025-09-05 16:42:58,274 - MarketRegimeScanner - INFO - Starting market regime scan
2025-09-05 16:42:58,275 - MarketRegimeScanner - INFO - Fetching 365 days of market data for regime analysis
2025-09-05 16:42:58,442 - MarketRegimeScanner - INFO - Fetched market data with shape: (251, 5)
2025-09-05 16:42:58,499 - MarketRegimeScanner - INFO - Calculated advanced features with shape: (251, 13), NaNs: 0
2025-09-05 16:42:58,634 - MarketRegimeScanner - INFO - Feature validation completed. Final shape: (251, 13), NaNs: 0
2025-09-05 16:42:58,636 - MarketRegimeScanner - INFO - Feature validation completed. Final shape: (251, 14), NaNs: 0
2025-09-05 16:42:58,640 - MarketRegimeScanner - INFO - Feature validation completed. Final shape: (251, 27), NaNs: 0
2025-09-05 16:43:01,643 - MarketRegimeScanner - INFO - Deep learning models trained
2025-09-05 16:43:01,910 - MarketRegimeScanner - INFO - Enhanced ensemble model training completed
2025-09-05 16:43:01,910 - MarketRegimeScanner - INFO - PCA explained variance ratio: 0.954
2025-09-05 16:43:01,929 - MarketRegimeScanner - INFO - Current market regime: Bull Market (confidence: 0.80)
2025-09-05 16:43:01,929 - MarketRegimeScanner - INFO - Market regime scan completed in 3.65s
2025-09-05 16:43:01,929 - MarketRegimeScanner - INFO - Initial market regime scan completed successfully
2025-09-05 16:43:01,929 - MarketRegimeScanner - INFO - Next market regime scan at 17:00:00 (0.0 hours and 16.0 minutes from now)
2025-09-05 16:46:08,154 - MarketRegimeScanner - INFO - Ticker scanner stopped
2025-09-05 16:46:08,154 - MarketRegimeScanner - INFO - Market regime scanner stopped
2025-09-05 16:46:08,154 - MarketRegimeScanner - INFO - Main task cancelled
2025-09-05 16:46:08,155 - MarketRegimeScanner - INFO - Ticker scanner stopped
2025-09-05 16:46:08,155 - MarketRegimeScanner - INFO - Ticker scanner shutdown complete
2025-09-05 16:46:08,155 - MarketRegimeScanner - INFO - Market regime scanner stopped
2025-09-05 16:46:08,155 - MarketRegimeScanner - INFO - Market regime scanner shutdown complete
2025-09-05 16:46:08,156 - MarketRegimeScanner - INFO - Sleep interrupted by shutdown
2025-09-05 16:46:08,156 - MarketRegimeScanner - INFO - Database maintenance scheduling cancelled
2025-09-05 16:46:08,156 - MarketRegimeScanner - INFO - Sleep interrupted by shutdown
