2025-08-29 20:33:38,419 - MarketRegimeScanner - INFO - Using local timezone: America/Chicago
2025-08-29 20:33:38,420 - MarketRegimeScanner - INFO - Database path: C:\Users\kyung\StockScanner\core\ticker_data.db
2025-08-29 20:33:38,420 - MarketRegimeScanner - INFO - Using composite indices: ^IXIC
2025-08-29 20:33:38,445 - MarketRegimeScanner - INFO - Market regime database path: C:\Users\kyung\StockScanner\core\market_regime_data.db
2025-08-29 20:33:38,447 - MarketRegimeScanner - INFO - No tickers found in database
2025-08-29 20:33:38,448 - MarketRegimeScanner - INFO - Ticker scanner started
2025-08-29 20:33:38,448 - MarketRegimeScanner - INFO - Market regime scanner started
2025-08-29 20:33:38,452 - MarketRegimeScanner - INFO - Starting immediate ticker scan on startup
2025-08-29 20:33:38,452 - MarketRegimeScanner - INFO - Starting full ticker refresh
2025-08-29 20:33:38,452 - MarketRegimeScanner - INFO - Fetching tickers for composite index ^IXIC
2025-08-29 20:33:39,796 - MarketRegimeScanner - INFO - Completed ^IXIC: 3251 stocks across 6 pages
2025-08-29 20:33:39,857 - MarketRegimeScanner - INFO - Ticker refresh completed in 1.40s
2025-08-29 20:33:39,857 - MarketRegimeScanner - INFO - Total: 3251 | Added: 3251 | Removed: 0
2025-08-29 20:33:39,857 - MarketRegimeScanner - INFO - Database: 3251 inserted, 0 updated
2025-08-29 20:33:39,858 - MarketRegimeScanner - INFO - Initial ticker scan completed successfully
2025-08-29 20:33:39,858 - MarketRegimeScanner - INFO - Next ticker refresh scheduled at 2025-08-30 08:30:00-05:00 (11.0 hours and 56.0 minutes from now)
2025-08-29 20:33:40,468 - MarketRegimeScanner - INFO - Waiting for initial ticker scan to complete before starting market regime scan
2025-08-29 20:33:45,484 - MarketRegimeScanner - INFO - Starting immediate market regime scan
2025-08-29 20:33:45,484 - MarketRegimeScanner - INFO - Starting market regime scan
2025-08-29 20:33:45,484 - MarketRegimeScanner - INFO - Fetching 365 days of market data for regime analysis
2025-08-29 20:33:45,631 - MarketRegimeScanner - INFO - Fetched market data with shape: (251, 1)
2025-08-29 20:33:45,704 - MarketRegimeScanner - INFO - Calculated advanced features with shape: (201, 13)
2025-08-29 20:33:47,472 - MarketRegimeScanner - INFO - Enhanced ensemble model training completed
2025-08-29 20:33:47,473 - MarketRegimeScanner - INFO - PCA explained variance ratio: 0.998
2025-08-29 20:33:47,495 - MarketRegimeScanner - INFO - Current market regime: Bear Market (confidence: 0.68)
2025-08-29 20:33:47,495 - MarketRegimeScanner - INFO - Market regime scan completed in 2.01s
2025-08-29 20:33:47,496 - MarketRegimeScanner - INFO - Initial market regime scan completed successfully
2025-08-29 20:33:47,496 - MarketRegimeScanner - INFO - Next market regime scan at 21:00:00 (0.0 hours and 26.0 minutes from now)
2025-08-29 21:00:11,538 - MarketRegimeScanner - INFO - Starting scheduled market regime scan
2025-08-29 21:00:11,538 - MarketRegimeScanner - INFO - Starting market regime scan
2025-08-29 21:00:11,538 - MarketRegimeScanner - INFO - Fetching 365 days of market data for regime analysis
2025-08-29 21:00:11,767 - MarketRegimeScanner - INFO - Fetched market data with shape: (251, 1)
2025-08-29 21:00:11,835 - MarketRegimeScanner - INFO - Calculated advanced features with shape: (201, 13)
2025-08-29 21:00:11,855 - MarketRegimeScanner - INFO - Current market regime: Bear Market (confidence: 0.68)
2025-08-29 21:00:11,855 - MarketRegimeScanner - INFO - Market regime scan completed in 0.32s
2025-08-29 21:00:11,856 - MarketRegimeScanner - INFO - Scheduled market regime scan completed successfully
2025-08-29 21:00:11,856 - MarketRegimeScanner - INFO - Next market regime scan at 22:00:00 (0.0 hours and 59.0 minutes from now)
2025-08-29 22:00:25,722 - MarketRegimeScanner - INFO - Starting scheduled market regime scan
2025-08-29 22:00:25,723 - MarketRegimeScanner - INFO - Starting market regime scan
2025-08-29 22:00:25,723 - MarketRegimeScanner - INFO - Fetching 365 days of market data for regime analysis
2025-08-29 22:00:25,927 - MarketRegimeScanner - INFO - Fetched market data with shape: (251, 1)
2025-08-29 22:00:26,003 - MarketRegimeScanner - INFO - Calculated advanced features with shape: (201, 13)
2025-08-29 22:00:26,027 - MarketRegimeScanner - INFO - Current market regime: Bear Market (confidence: 0.68)
2025-08-29 22:00:26,027 - MarketRegimeScanner - INFO - Market regime scan completed in 0.30s
2025-08-29 22:00:26,028 - MarketRegimeScanner - INFO - Scheduled market regime scan completed successfully
2025-08-29 22:00:26,028 - MarketRegimeScanner - INFO - Next market regime scan at 23:00:00 (0.0 hours and 59.0 minutes from now)
2025-08-29 23:00:28,582 - MarketRegimeScanner - INFO - Starting scheduled market regime scan
2025-08-29 23:00:28,584 - MarketRegimeScanner - INFO - Starting market regime scan
2025-08-29 23:00:28,585 - MarketRegimeScanner - INFO - Fetching 365 days of market data for regime analysis
2025-08-29 23:00:28,789 - MarketRegimeScanner - INFO - Fetched market data with shape: (251, 1)
2025-08-29 23:00:28,868 - MarketRegimeScanner - INFO - Calculated advanced features with shape: (201, 13)
2025-08-29 23:00:28,893 - MarketRegimeScanner - INFO - Current market regime: Bear Market (confidence: 0.68)
2025-08-29 23:00:28,893 - MarketRegimeScanner - INFO - Market regime scan completed in 0.31s
2025-08-29 23:00:28,893 - MarketRegimeScanner - INFO - Scheduled market regime scan completed successfully
2025-08-29 23:00:28,893 - MarketRegimeScanner - INFO - Next market regime scan at 00:00:00 (0.0 hours and 59.0 minutes from now)
2025-08-30 00:00:24,945 - MarketRegimeScanner - INFO - Starting scheduled market regime scan
2025-08-30 00:00:24,947 - MarketRegimeScanner - INFO - Starting market regime scan
2025-08-30 00:00:24,947 - MarketRegimeScanner - INFO - Fetching 365 days of market data for regime analysis
2025-08-30 00:00:25,191 - MarketRegimeScanner - INFO - Fetched market data with shape: (250, 1)
2025-08-30 00:00:25,276 - MarketRegimeScanner - INFO - Calculated advanced features with shape: (200, 13)
2025-08-30 00:00:25,305 - MarketRegimeScanner - INFO - Current market regime: Bear Market (confidence: 0.68)
2025-08-30 00:00:25,305 - MarketRegimeScanner - INFO - Market regime scan completed in 0.36s
2025-08-30 00:00:25,305 - MarketRegimeScanner - INFO - Scheduled market regime scan completed successfully
2025-08-30 00:00:25,305 - MarketRegimeScanner - INFO - Next market regime scan at 01:00:00 (0.0 hours and 59.0 minutes from now)
2025-08-30 01:00:27,830 - MarketRegimeScanner - INFO - Starting scheduled market regime scan
2025-08-30 01:00:27,832 - MarketRegimeScanner - INFO - Starting market regime scan
2025-08-30 01:00:27,832 - MarketRegimeScanner - INFO - Fetching 365 days of market data for regime analysis
2025-08-30 01:00:28,087 - MarketRegimeScanner - INFO - Fetched market data with shape: (250, 1)
2025-08-30 01:00:28,183 - MarketRegimeScanner - INFO - Calculated advanced features with shape: (200, 13)
2025-08-30 01:00:28,217 - MarketRegimeScanner - INFO - Current market regime: Bear Market (confidence: 0.68)
2025-08-30 01:00:28,217 - MarketRegimeScanner - INFO - Market regime scan completed in 0.38s
2025-08-30 01:00:28,217 - MarketRegimeScanner - INFO - Scheduled market regime scan completed successfully
2025-08-30 01:00:28,217 - MarketRegimeScanner - INFO - Next market regime scan at 02:00:00 (0.0 hours and 59.0 minutes from now)
2025-08-30 02:00:25,990 - MarketRegimeScanner - INFO - Starting scheduled market regime scan
2025-08-30 02:00:25,992 - MarketRegimeScanner - INFO - Starting market regime scan
2025-08-30 02:00:25,993 - MarketRegimeScanner - INFO - Fetching 365 days of market data for regime analysis
2025-08-30 02:00:26,233 - MarketRegimeScanner - INFO - Fetched market data with shape: (250, 1)
2025-08-30 02:00:26,348 - MarketRegimeScanner - INFO - Calculated advanced features with shape: (200, 13)
2025-08-30 02:00:26,390 - MarketRegimeScanner - INFO - Current market regime: Bear Market (confidence: 0.68)
2025-08-30 02:00:26,390 - MarketRegimeScanner - INFO - Market regime scan completed in 0.40s
2025-08-30 02:00:26,391 - MarketRegimeScanner - INFO - Scheduled market regime scan completed successfully
2025-08-30 02:00:26,391 - MarketRegimeScanner - INFO - Next market regime scan at 03:00:00 (0.0 hours and 59.0 minutes from now)
2025-08-30 02:33:47,639 - MarketRegimeScanner - INFO - Ticker scanner stopped
2025-08-30 02:33:47,640 - MarketRegimeScanner - INFO - Market regime scanner stopped
2025-08-30 02:33:47,641 - MarketRegimeScanner - INFO - Sleep interrupted by shutdown
2025-08-30 02:33:47,642 - MarketRegimeScanner - INFO - Main task cancelled
2025-08-30 02:33:47,642 - MarketRegimeScanner - INFO - Ticker scanner stopped
2025-08-30 02:33:47,642 - MarketRegimeScanner - INFO - Ticker scanner shutdown complete
2025-08-30 02:33:47,642 - MarketRegimeScanner - INFO - Market regime scanner stopped
2025-08-30 02:33:47,642 - MarketRegimeScanner - INFO - Market regime scanner shutdown complete
2025-08-30 02:33:47,642 - MarketRegimeScanner - INFO - Sleep interrupted by shutdown
