2025-08-29 00:55:41,566 - MarketRegimeScanner - INFO - Using local timezone: America/Chicago
2025-08-29 00:55:41,566 - MarketRegimeScanner - INFO - Database path: C:\Users\kyung\StockScanner\core\ticker_data.db
2025-08-29 00:55:41,566 - MarketRegimeScanner - INFO - Using composite indices: ^IXIC, ^NYA, ^XAX
2025-08-29 00:55:41,613 - MarketRegimeScanner - INFO - Market regime database path: C:\Users\kyung\StockScanner\core\market_regime_data.db
2025-08-29 00:55:41,643 - MarketRegimeScanner - INFO - Loaded 5211 tickers from database
2025-08-29 00:55:41,645 - MarketRegimeScanner - INFO - Ticker scanner started
2025-08-29 00:55:41,645 - MarketRegimeScanner - INFO - Market regime scanner started
2025-08-29 00:55:41,647 - MarketRegimeScanner - INFO - Starting immediate ticker scan on startup
2025-08-29 00:55:41,647 - MarketRegimeScanner - INFO - Starting full ticker refresh
2025-08-29 00:55:41,648 - MarketRegimeScanner - INFO - Fetching tickers for composite index ^IXIC
2025-08-29 00:55:41,648 - MarketRegimeScanner - INFO - Fetching tickers for composite index ^NYA
2025-08-29 00:55:41,648 - MarketRegimeScanner - INFO - Fetching tickers for composite index ^XAX
2025-08-29 00:55:41,971 - MarketRegimeScanner - INFO - Completed ^XAX: 222 stocks across 1 pages
2025-08-29 00:55:43,519 - MarketRegimeScanner - INFO - Completed ^NYA: 1740 stocks across 3 pages
2025-08-29 00:55:43,658 - MarketRegimeScanner - INFO - Waiting for initial ticker scan to complete before starting market regime scan
2025-08-29 00:55:44,096 - MarketRegimeScanner - INFO - Completed ^IXIC: 3249 stocks across 6 pages
2025-08-29 00:55:44,207 - MarketRegimeScanner - INFO - Ticker refresh completed in 2.56s
2025-08-29 00:55:44,207 - MarketRegimeScanner - INFO - Total: 5211 | Added: 0 | Removed: 0
2025-08-29 00:55:44,207 - MarketRegimeScanner - INFO - Database: 0 inserted, 5211 updated
2025-08-29 00:55:44,210 - MarketRegimeScanner - INFO - Initial ticker scan completed successfully
2025-08-29 00:55:44,210 - MarketRegimeScanner - INFO - Next ticker refresh scheduled at 2025-08-29 08:30:00-05:00 (7.0 hours and 34.0 minutes from now)
2025-08-29 00:55:48,660 - MarketRegimeScanner - INFO - Starting immediate market regime scan
2025-08-29 00:55:48,660 - MarketRegimeScanner - INFO - Starting market regime scan
2025-08-29 00:55:48,660 - MarketRegimeScanner - INFO - Fetching 365 days of market data for regime analysis
2025-08-29 00:55:48,810 - MarketRegimeScanner - WARNING - No results for ^XAX (Polygon: XAX): {'ticker': 'XAX', 'queryCount': 0, 'resultsCount': 0, 'adjusted': True, 'status': 'DELAYED', 'request_id': 'e2d71157a124f7aa8f621db7fd9172ff'}
2025-08-29 00:55:48,818 - MarketRegimeScanner - WARNING - No results for ^NYA (Polygon: NYA): {'ticker': 'NYA', 'queryCount': 0, 'resultsCount': 0, 'adjusted': True, 'status': 'DELAYED', 'request_id': '0eb4f8a0e1807fb1e31f524672b8aafb'}
2025-08-29 00:55:48,827 - MarketRegimeScanner - INFO - Fetched market data with shape: (250, 1)
2025-08-29 00:55:48,898 - MarketRegimeScanner - INFO - Calculated advanced features with shape: (200, 6)
2025-08-29 00:55:50,647 - MarketRegimeScanner - INFO - Ensemble model training completed
2025-08-29 00:55:50,658 - MarketRegimeScanner - INFO - Market regime scan completed in 2.00s
2025-08-29 00:55:50,659 - MarketRegimeScanner - INFO - Current market regime: Bear Market (confidence: 0.21)
2025-08-29 00:55:50,659 - MarketRegimeScanner - INFO - Initial market regime scan completed successfully
2025-08-29 00:55:50,659 - MarketRegimeScanner - INFO - Next market regime scan at 01:00:00 (0.0 hours and 4.0 minutes from now)
2025-08-29 00:55:56,723 - MarketRegimeScanner - INFO - Ticker scanner stopped
2025-08-29 00:55:56,723 - MarketRegimeScanner - INFO - Market regime scanner stopped
2025-08-29 00:55:56,724 - MarketRegimeScanner - INFO - Main task cancelled
2025-08-29 00:55:56,724 - MarketRegimeScanner - INFO - Ticker scanner stopped
2025-08-29 00:55:56,724 - MarketRegimeScanner - INFO - Ticker scanner shutdown complete
2025-08-29 00:55:56,724 - MarketRegimeScanner - INFO - Market regime scanner stopped
2025-08-29 00:55:56,724 - MarketRegimeScanner - INFO - Market regime scanner shutdown complete
2025-08-29 00:55:56,724 - MarketRegimeScanner - INFO - Sleep interrupted by shutdown
2025-08-29 00:55:56,724 - MarketRegimeScanner - INFO - Sleep interrupted by shutdown
