2025-09-01 20:37:44,228 - MarketRegimeScanner - INFO - Using local timezone: America/Chicago
2025-09-01 20:37:44,228 - MarketRegimeScanner - INFO - Database path: C:\Users\kyung\StockScanner\core\ticker_data.db
2025-09-01 20:37:44,229 - MarketRegimeScanner - INFO - Using composite indices: ^IXIC
2025-09-01 20:37:44,304 - MarketRegimeScanner - INFO - Market regime database path: C:\Users\kyung\StockScanner\core\market_regime_data.db
2025-09-01 20:37:44,332 - MarketRegimeScanner - INFO - Loaded 3251 tickers from database
2025-09-01 20:37:44,333 - MarketRegimeScanner - INFO - Ticker scanner started
2025-09-01 20:37:44,333 - MarketRegimeScanner - INFO - Market regime scanner started
2025-09-01 20:37:44,334 - MarketRegimeScanner - INFO - Starting immediate ticker scan on startup
2025-09-01 20:37:44,335 - MarketRegimeScanner - INFO - Starting full ticker refresh
2025-09-01 20:37:44,335 - MarketRegimeScanner - INFO - Fetching tickers for composite index ^IXIC
2025-09-01 20:37:45,514 - MarketRegimeScanner - INFO - Completed ^IXIC: 3251 stocks across 6 pages
2025-09-01 20:37:45,596 - MarketRegimeScanner - INFO - Ticker refresh completed in 1.26s
2025-09-01 20:37:45,596 - MarketRegimeScanner - INFO - Total: 3251 | Added: 0 | Removed: 0
2025-09-01 20:37:45,596 - MarketRegimeScanner - INFO - Database: 0 inserted, 3251 updated
2025-09-01 20:37:45,598 - MarketRegimeScanner - INFO - Initial ticker scan completed successfully
2025-09-01 20:37:45,598 - MarketRegimeScanner - INFO - Next ticker refresh scheduled at 2025-09-02 08:30:00-05:00 (11.0 hours and 52.0 minutes from now)
2025-09-01 20:37:46,341 - MarketRegimeScanner - INFO - Waiting for initial ticker scan to complete before starting market regime scan
2025-09-01 20:37:50,620 - MarketRegimeScanner - INFO - Ticker scanner stopped
2025-09-01 20:37:50,620 - MarketRegimeScanner - INFO - Market regime scanner stopped
2025-09-01 20:37:50,620 - MarketRegimeScanner - INFO - Main task cancelled
2025-09-01 20:37:50,620 - MarketRegimeScanner - INFO - Ticker scanner stopped
2025-09-01 20:37:50,621 - MarketRegimeScanner - INFO - Ticker scanner shutdown complete
2025-09-01 20:37:50,621 - MarketRegimeScanner - INFO - Market regime scanner stopped
2025-09-01 20:37:50,621 - MarketRegimeScanner - INFO - Market regime scanner shutdown complete
2025-09-01 20:37:50,621 - MarketRegimeScanner - INFO - Sleep interrupted by shutdown
