2025-08-28 22:00:53,232 - MarketRegimeScanner - INFO - Current database version: 0
2025-08-28 22:00:53,232 - MarketRegimeScanner - INFO - Applying 1 migrations
2025-08-28 22:00:53,248 - MarketRegimeScanner - INFO - Applied migration to version 1
2025-08-28 22:00:53,248 - MarketRegimeScanner - INFO - Using local timezone: America/Chicago
2025-08-28 22:00:53,248 - MarketRegimeScanner - INFO - Database path: C:\Users\kyung\StockScanner\core\ticker_data.db
2025-08-28 22:00:53,248 - MarketRegimeScanner - INFO - Using composite indices: ^IXIC, ^NYA, ^XAX
2025-08-28 22:00:53,250 - MarketRegimeScanner - INFO - Current database version: 0
2025-08-28 22:00:53,251 - MarketRegimeScanner - INFO - Applying 1 migrations
2025-08-28 22:00:53,321 - MarketRegimeScanner - INFO - Applied migration to version 1
2025-08-28 22:00:53,321 - MarketRegimeScanner - INFO - Market regime database path: C:\Users\kyung\StockScanner\core\market_regime_data.db
2025-08-28 22:00:53,321 - MarketRegimeScanner - INFO - Using composite indices for regime detection: ^IXIC, ^NYA, ^XAX
2025-08-28 22:00:53,344 - MarketRegimeScanner - INFO - Loaded 5211 tickers from database
2025-08-28 22:00:53,346 - MarketRegimeScanner - INFO - Ticker scanner started
2025-08-28 22:00:53,346 - MarketRegimeScanner - INFO - Market regime scanner started
2025-08-28 22:00:53,348 - MarketRegimeScanner - INFO - Starting immediate ticker scan on startup
2025-08-28 22:00:53,348 - MarketRegimeScanner - INFO - Starting full ticker refresh
2025-08-28 22:00:53,349 - MarketRegimeScanner - INFO - Fetching tickers for composite index ^IXIC
2025-08-28 22:00:53,349 - MarketRegimeScanner - INFO - Fetching tickers for composite index ^NYA
2025-08-28 22:00:53,350 - MarketRegimeScanner - INFO - Fetching tickers for composite index ^XAX
2025-08-28 22:00:53,647 - MarketRegimeScanner - INFO - Completed ^XAX: 222 stocks across 1 pages
2025-08-28 22:00:54,063 - MarketRegimeScanner - INFO - Completed ^NYA: 1740 stocks across 3 pages
2025-08-28 22:00:54,761 - MarketRegimeScanner - INFO - Completed ^IXIC: 3249 stocks across 6 pages
2025-08-28 22:00:54,875 - MarketRegimeScanner - INFO - Ticker refresh completed in 1.53s
2025-08-28 22:00:54,875 - MarketRegimeScanner - INFO - Total: 5211 | Added: 0 | Removed: 0
2025-08-28 22:00:54,875 - MarketRegimeScanner - INFO - Database: 0 inserted, 5211 updated
2025-08-28 22:00:54,877 - MarketRegimeScanner - INFO - Initial ticker scan completed successfully
2025-08-28 22:00:54,878 - MarketRegimeScanner - INFO - Next ticker refresh scheduled at 2025-08-29 08:30:00-05:00 (10.0 hours and 29.0 minutes from now)
2025-08-28 22:00:55,360 - MarketRegimeScanner - INFO - Waiting for initial ticker scan to complete before starting market regime scan
2025-08-28 22:01:00,365 - MarketRegimeScanner - INFO - Starting immediate market regime scan
2025-08-28 22:01:00,366 - MarketRegimeScanner - INFO - Starting market regime scan
2025-08-28 22:01:00,366 - MarketRegimeScanner - INFO - Fetching 365 days of market data for regime analysis
2025-08-28 22:01:00,520 - MarketRegimeScanner - WARNING - No results for ^NYA (Polygon: NYA): {'ticker': 'NYA', 'queryCount': 0, 'resultsCount': 0, 'adjusted': True, 'status': 'DELAYED', 'request_id': 'cae019bc35e57068b36bbe91baffc280'}
2025-08-28 22:01:00,522 - MarketRegimeScanner - WARNING - No results for ^XAX (Polygon: XAX): {'ticker': 'XAX', 'queryCount': 0, 'resultsCount': 0, 'adjusted': True, 'status': 'DELAYED', 'request_id': '252f5c928c60c289a48b0faf5204ae1a'}
2025-08-28 22:01:00,545 - MarketRegimeScanner - INFO - Fetched market data with shape: (251, 1)
2025-08-28 22:01:00,619 - MarketRegimeScanner - INFO - Calculated advanced features with shape: (201, 6)
2025-08-28 22:01:02,044 - MarketRegimeScanner - INFO - Ensemble model training completed
2025-08-28 22:01:02,055 - MarketRegimeScanner - INFO - Market regime saved: Bear Market (confidence: 0.21)
2025-08-28 22:01:02,055 - MarketRegimeScanner - INFO - Market regime scan completed in 1.69s
2025-08-28 22:01:02,055 - MarketRegimeScanner - INFO - Initial market regime scan completed successfully
2025-08-28 22:01:02,056 - MarketRegimeScanner - INFO - Next market regime scan at 23:00:00 (0.0 hours and 58.0 minutes from now)
2025-08-28 23:00:25,972 - MarketRegimeScanner - INFO - Starting scheduled market regime scan
2025-08-28 23:00:25,973 - MarketRegimeScanner - INFO - Starting market regime scan
2025-08-28 23:00:25,973 - MarketRegimeScanner - INFO - Fetching 365 days of market data for regime analysis
2025-08-28 23:00:26,259 - MarketRegimeScanner - WARNING - No results for ^XAX (Polygon: XAX): {'ticker': 'XAX', 'queryCount': 0, 'resultsCount': 0, 'adjusted': True, 'status': 'DELAYED', 'request_id': 'e732ba91b5e1ca9b61735314bec4d4b8'}
2025-08-28 23:00:26,265 - MarketRegimeScanner - WARNING - No results for ^NYA (Polygon: NYA): {'ticker': 'NYA', 'queryCount': 0, 'resultsCount': 0, 'adjusted': True, 'status': 'DELAYED', 'request_id': '4ecfd87bb6fad9b7db0f76757f0f5859'}
2025-08-28 23:00:26,278 - MarketRegimeScanner - INFO - Fetched market data with shape: (251, 1)
2025-08-28 23:00:26,358 - MarketRegimeScanner - INFO - Calculated advanced features with shape: (201, 6)
2025-08-28 23:00:26,370 - MarketRegimeScanner - INFO - Market regime saved: Bear Market (confidence: 0.21)
2025-08-28 23:00:26,370 - MarketRegimeScanner - INFO - Market regime scan completed in 0.40s
2025-08-28 23:00:26,371 - MarketRegimeScanner - INFO - Scheduled market regime scan completed successfully
2025-08-28 23:00:26,371 - MarketRegimeScanner - INFO - Next market regime scan at 00:00:00 (0.0 hours and 59.0 minutes from now)
2025-08-28 23:20:14,006 - MarketRegimeScanner - INFO - Ticker scanner stopped
2025-08-28 23:20:14,006 - MarketRegimeScanner - INFO - Market regime scanner stopped
2025-08-28 23:20:14,007 - MarketRegimeScanner - INFO - Sleep interrupted by shutdown
2025-08-28 23:20:14,007 - MarketRegimeScanner - INFO - Sleep interrupted by shutdown
2025-08-28 23:20:14,007 - MarketRegimeScanner - INFO - Main task cancelled
2025-08-28 23:20:14,007 - MarketRegimeScanner - INFO - Ticker scanner stopped
2025-08-28 23:20:14,007 - MarketRegimeScanner - INFO - Ticker scanner shutdown complete
2025-08-28 23:20:14,007 - MarketRegimeScanner - INFO - Market regime scanner stopped
2025-08-28 23:20:14,008 - MarketRegimeScanner - INFO - Market regime scanner shutdown complete
