2025-09-04 11:59:22,146 - MarketRegimeScanner - INFO - Using local timezone: America/Chicago
2025-09-04 11:59:22,147 - MarketRegimeScanner - INFO - Database path: C:\Users\kyung\StockScanner\core\main_data.db
2025-09-04 11:59:22,147 - MarketRegimeScanner - INFO - Using composite indices: ^IXIC
2025-09-04 11:59:22,190 - MarketRegimeScanner - INFO - Using main database: C:\Users\kyung\StockScanner\core\main_data.db
2025-09-04 11:59:22,190 - MarketRegimeScanner - INFO - Using backtest database: C:\Users\kyung\StockScanner\core\backtest_data.db
2025-09-04 11:59:22,191 - MarketRegimeScanner - INFO - No tickers found in database
2025-09-04 11:59:22,191 - MarketRegimeScanner - INFO - Ticker scanner started
2025-09-04 11:59:22,191 - MarketRegimeScanner - INFO - Market regime scanner started
2025-09-04 11:59:22,192 - MarketRegimeScanner - INFO - Starting immediate ticker scan on startup
2025-09-04 11:59:22,192 - MarketRegimeScanner - INFO - Starting full ticker refresh
2025-09-04 11:59:22,193 - MarketRegimeScanner - INFO - Fetching tickers for composite index ^IXIC
2025-09-04 11:59:24,200 - MarketRegimeScanner - INFO - Waiting for initial ticker scan to complete before starting market regime scan
2025-09-04 11:59:24,345 - MarketRegimeScanner - INFO - Completed ^IXIC: 3245 stocks across 6 pages
2025-09-04 11:59:24,390 - MarketRegimeScanner - INFO - Ticker refresh completed in 2.20s
2025-09-04 11:59:24,390 - MarketRegimeScanner - INFO - Total: 3245 | Added: 3245 | Removed: 0
2025-09-04 11:59:24,390 - MarketRegimeScanner - INFO - Database: 3245 inserted, 0 updated
2025-09-04 11:59:24,391 - MarketRegimeScanner - INFO - Initial ticker scan completed successfully
2025-09-04 11:59:24,391 - MarketRegimeScanner - INFO - Next ticker refresh scheduled at 2025-09-05 08:30:00-05:00 (20.0 hours and 30.0 minutes from now)
2025-09-04 11:59:29,215 - MarketRegimeScanner - INFO - Starting immediate market regime scan
2025-09-04 11:59:29,215 - MarketRegimeScanner - INFO - Starting market regime scan
2025-09-04 11:59:29,215 - MarketRegimeScanner - INFO - Fetching 365 days of market data for regime analysis
2025-09-04 11:59:29,605 - MarketRegimeScanner - INFO - Fetched market data with shape: (251, 5)
2025-09-04 11:59:29,659 - MarketRegimeScanner - INFO - Calculated advanced features with shape: (251, 13), NaNs: 0
2025-09-04 11:59:29,786 - MarketRegimeScanner - INFO - Feature validation completed. Final shape: (251, 13), NaNs: 0
2025-09-04 11:59:29,787 - MarketRegimeScanner - INFO - Feature validation completed. Final shape: (251, 14), NaNs: 0
2025-09-04 11:59:29,791 - MarketRegimeScanner - INFO - Feature validation completed. Final shape: (251, 27), NaNs: 0
2025-09-04 11:59:32,573 - MarketRegimeScanner - INFO - Deep learning models trained
2025-09-04 11:59:32,804 - MarketRegimeScanner - INFO - Enhanced ensemble model training completed
2025-09-04 11:59:32,804 - MarketRegimeScanner - INFO - PCA explained variance ratio: 0.953
2025-09-04 11:59:32,820 - MarketRegimeScanner - INFO - Current market regime: Sideways Market (confidence: 0.83)
2025-09-04 11:59:32,820 - MarketRegimeScanner - INFO - Market regime scan completed in 3.61s
2025-09-04 11:59:32,821 - MarketRegimeScanner - INFO - Initial market regime scan completed successfully
2025-09-04 11:59:32,821 - MarketRegimeScanner - INFO - Next market regime scan at 12:00:00 (0.0 hours and 0.0 minutes from now)
2025-09-04 12:00:00,213 - MarketRegimeScanner - INFO - Starting scheduled market regime scan
2025-09-04 12:00:00,213 - MarketRegimeScanner - INFO - Starting market regime scan
2025-09-04 12:00:00,214 - MarketRegimeScanner - INFO - Fetching 365 days of market data for regime analysis
2025-09-04 12:00:00,607 - MarketRegimeScanner - INFO - Fetched market data with shape: (251, 5)
2025-09-04 12:00:00,661 - MarketRegimeScanner - INFO - Calculated advanced features with shape: (251, 13), NaNs: 0
2025-09-04 12:00:00,791 - MarketRegimeScanner - INFO - Feature validation completed. Final shape: (251, 13), NaNs: 0
2025-09-04 12:00:00,792 - MarketRegimeScanner - INFO - Feature validation completed. Final shape: (251, 14), NaNs: 0
2025-09-04 12:00:00,796 - MarketRegimeScanner - INFO - Feature validation completed. Final shape: (251, 27), NaNs: 0
2025-09-04 12:00:00,809 - MarketRegimeScanner - INFO - Current market regime: Sideways Market (confidence: 0.33)
2025-09-04 12:00:00,810 - MarketRegimeScanner - INFO - Market regime scan completed in 0.60s
2025-09-04 12:00:00,810 - MarketRegimeScanner - INFO - Scheduled market regime scan completed successfully
2025-09-04 12:00:00,810 - MarketRegimeScanner - INFO - Next market regime scan at 13:00:00 (0.0 hours and 59.0 minutes from now)
2025-09-04 16:06:27,132 - MarketRegimeScanner - INFO - Ticker scanner stopped
2025-09-04 16:06:27,133 - MarketRegimeScanner - INFO - Market regime scanner stopped
2025-09-04 16:06:27,133 - MarketRegimeScanner - INFO - Main task cancelled
2025-09-04 16:06:27,133 - MarketRegimeScanner - INFO - Ticker scanner stopped
2025-09-04 16:06:27,133 - MarketRegimeScanner - INFO - Ticker scanner shutdown complete
2025-09-04 16:06:27,133 - MarketRegimeScanner - INFO - Market regime scanner stopped
2025-09-04 16:06:27,133 - MarketRegimeScanner - INFO - Market regime scanner shutdown complete
2025-09-04 16:06:27,133 - MarketRegimeScanner - INFO - Sleep interrupted by shutdown
2025-09-04 16:06:27,134 - MarketRegimeScanner - INFO - Sleep interrupted by shutdown
