2025-08-28 18:48:47,056 - MarketRegimeScanner - INFO - Using local timezone: America/Chicago
2025-08-28 18:48:47,057 - MarketRegimeScanner - INFO - Database path: C:\Users\kyung\StockScanner\core\ticker_data.db
2025-08-28 18:48:47,057 - MarketRegimeScanner - INFO - Using composite indices: ^IXIC, ^NYA, ^XAX
2025-08-28 18:48:47,112 - MarketRegimeScanner - INFO - Market regime database path: C:\Users\kyung\StockScanner\core\market_regime_data.db
2025-08-28 18:48:47,133 - MarketRegimeScanner - INFO - Loaded 5211 tickers from database
2025-08-28 18:48:47,135 - MarketRegimeScanner - INFO - Ticker scanner started
2025-08-28 18:48:47,135 - MarketRegimeScanner - INFO - Market regime scanner started
2025-08-28 18:48:47,137 - MarketRegimeScanner - INFO - Starting immediate ticker scan on startup
2025-08-28 18:48:47,137 - MarketRegimeScanner - INFO - Starting full ticker refresh
2025-08-28 18:48:47,137 - MarketRegimeScanner - INFO - Fetching tickers for composite index ^IXIC
2025-08-28 18:48:47,137 - MarketRegimeScanner - INFO - Fetching tickers for composite index ^NYA
2025-08-28 18:48:47,138 - MarketRegimeScanner - INFO - Fetching tickers for composite index ^XAX
2025-08-28 18:48:47,455 - MarketRegimeScanner - INFO - Completed ^XAX: 222 stocks across 1 pages
2025-08-28 18:48:47,901 - MarketRegimeScanner - INFO - Completed ^NYA: 1740 stocks across 3 pages
2025-08-28 18:48:48,407 - MarketRegimeScanner - INFO - Completed ^IXIC: 3249 stocks across 6 pages
2025-08-28 18:48:48,518 - MarketRegimeScanner - INFO - Ticker refresh completed in 1.38s
2025-08-28 18:48:48,519 - MarketRegimeScanner - INFO - Total: 5211 | Added: 0 | Removed: 0
2025-08-28 18:48:48,519 - MarketRegimeScanner - INFO - Database: 0 inserted, 5211 updated
2025-08-28 18:48:48,521 - MarketRegimeScanner - INFO - Initial ticker scan completed successfully
2025-08-28 18:48:48,521 - MarketRegimeScanner - INFO - Next ticker refresh scheduled at 2025-08-29 08:30:00-05:00 (13.0 hours and 41.0 minutes from now)
2025-08-28 18:48:49,150 - MarketRegimeScanner - INFO - Waiting for initial ticker scan to complete before starting market regime scan
2025-08-28 18:48:54,156 - MarketRegimeScanner - INFO - Starting immediate market regime scan
2025-08-28 18:48:54,156 - MarketRegimeScanner - INFO - Starting market regime scan
2025-08-28 18:48:54,156 - MarketRegimeScanner - INFO - Fetching 365 days of market data for regime analysis
2025-08-28 18:48:54,348 - MarketRegimeScanner - INFO - Fetched market data with shape: (251, 4)
2025-08-28 18:48:54,354 - MarketRegimeScanner - INFO - Calculated features with shape: (202, 12)
2025-08-28 18:48:55,768 - MarketRegimeScanner - INFO - HMM trained with 3 components
2025-08-28 18:48:55,780 - MarketRegimeScanner - INFO - Market regime scan completed in 1.62s
2025-08-28 18:48:55,781 - MarketRegimeScanner - INFO - Current market regime: Sideways Market (confidence: 0.91)
2025-08-28 18:48:55,781 - MarketRegimeScanner - INFO - Initial market regime scan completed successfully
2025-08-28 18:48:55,781 - MarketRegimeScanner - INFO - Next market regime scan at 19:00:00 (0.0 hours and 11.0 minutes from now)
2025-08-28 18:51:54,474 - MarketRegimeScanner - INFO - Ticker scanner stopped
2025-08-28 18:51:54,474 - MarketRegimeScanner - INFO - Market regime scanner stopped
2025-08-28 18:51:54,474 - MarketRegimeScanner - INFO - Sleep interrupted by shutdown
2025-08-28 18:51:54,475 - MarketRegimeScanner - INFO - Sleep interrupted by shutdown
2025-08-28 18:51:54,475 - MarketRegimeScanner - INFO - Main task cancelled
2025-08-28 18:51:54,475 - MarketRegimeScanner - INFO - Ticker scanner stopped
2025-08-28 18:51:54,475 - MarketRegimeScanner - INFO - Ticker scanner shutdown complete
2025-08-28 18:51:54,475 - MarketRegimeScanner - INFO - Market regime scanner stopped
2025-08-28 18:51:54,475 - MarketRegimeScanner - INFO - Market regime scanner shutdown complete
