2025-09-05 17:28:42,080 - MarketRegimeScanner - INFO - Running immediate database maintenance on startup
2025-09-05 17:28:42,081 - MarketRegimeScanner - INFO - Starting database maintenance
2025-09-05 17:28:42,783 - MarketRegimeScanner - INFO - Database maintenance completed successfully
2025-09-05 17:28:42,783 - MarketRegimeScanner - INFO - Starting backtest database maintenance
2025-09-05 17:28:42,787 - MarketRegimeScanner - ERROR - Database connection error: VACUUM cannot run inside a transaction block

2025-09-05 17:28:42,820 - MarketRegimeScanner - ERROR - Backtest database maintenance failed: trying to put unkeyed connection
2025-09-05 17:28:42,820 - MarketRegimeScanner - INFO - Startup database maintenance completed successfully
2025-09-05 17:28:42,918 - MarketRegimeScanner - INFO - Using local timezone: America/Chicago
2025-09-05 17:28:42,918 - MarketRegimeScanner - INFO - Using PostgreSQL database: stock_scanner
2025-09-05 17:28:42,919 - MarketRegimeScanner - INFO - Using composite indices: ^IXIC
2025-09-05 17:28:43,073 - MarketRegimeScanner - INFO - Using PostgreSQL database: stock_scanner
2025-09-05 17:28:43,111 - MarketRegimeScanner - INFO - Loaded 3250 tickers from database
2025-09-05 17:28:43,113 - MarketRegimeScanner - INFO - Ticker scanner started
2025-09-05 17:28:43,113 - MarketRegimeScanner - INFO - Market regime scanner started
2025-09-05 17:28:43,114 - MarketRegimeScanner - INFO - Starting immediate ticker scan on startup
2025-09-05 17:28:43,114 - MarketRegimeScanner - INFO - Starting full ticker refresh
2025-09-05 17:28:43,115 - MarketRegimeScanner - INFO - Fetching tickers for composite index ^IXIC
2025-09-05 17:28:44,268 - MarketRegimeScanner - INFO - Completed ^IXIC: 3250 stocks across 6 pages
2025-09-05 17:28:44,625 - MarketRegimeScanner - INFO - Ticker refresh completed in 1.51s
2025-09-05 17:28:44,626 - MarketRegimeScanner - INFO - Total: 3250 | Added: 0 | Removed: 0
2025-09-05 17:28:44,626 - MarketRegimeScanner - INFO - Database: 0 inserted, 3250 updated
2025-09-05 17:28:44,627 - MarketRegimeScanner - INFO - Initial ticker scan completed successfully
2025-09-05 17:28:44,627 - MarketRegimeScanner - INFO - Next ticker refresh scheduled at 2025-09-06 08:30:00-05:00 (15.0 hours and 1.0 minutes from now)
2025-09-05 17:28:45,118 - MarketRegimeScanner - INFO - Waiting for initial ticker scan to complete before starting market regime scan
2025-09-05 17:28:45,118 - MarketRegimeScanner - INFO - Next database maintenance scheduled at 2025-09-06 02:00:00 (8.0 hours and 31.0 minutes from now)
2025-09-05 17:28:50,122 - MarketRegimeScanner - INFO - Starting immediate market regime scan
2025-09-05 17:28:50,122 - MarketRegimeScanner - INFO - Starting market regime scan
2025-09-05 17:28:50,122 - MarketRegimeScanner - INFO - Fetching 365 days of market data for regime analysis
2025-09-05 17:28:50,295 - MarketRegimeScanner - INFO - Fetched market data with shape: (251, 5)
2025-09-05 17:28:50,354 - MarketRegimeScanner - INFO - Calculated advanced features with shape: (251, 13), NaNs: 0
2025-09-05 17:28:50,492 - MarketRegimeScanner - INFO - Feature validation completed. Final shape: (251, 13), NaNs: 0
2025-09-05 17:28:50,493 - MarketRegimeScanner - INFO - Feature validation completed. Final shape: (251, 14), NaNs: 0
2025-09-05 17:28:50,497 - MarketRegimeScanner - INFO - Feature validation completed. Final shape: (251, 27), NaNs: 0
2025-09-05 17:28:53,408 - MarketRegimeScanner - INFO - Deep learning models trained
2025-09-05 17:28:53,634 - MarketRegimeScanner - INFO - Enhanced ensemble model training completed
2025-09-05 17:28:53,634 - MarketRegimeScanner - INFO - PCA explained variance ratio: 0.954
2025-09-05 17:28:53,655 - MarketRegimeScanner - INFO - Current market regime: Bull Market (confidence: 0.76)
2025-09-05 17:28:53,655 - MarketRegimeScanner - INFO - Market regime scan completed in 3.53s
2025-09-05 17:28:53,655 - MarketRegimeScanner - INFO - Initial market regime scan completed successfully
2025-09-05 17:28:53,655 - MarketRegimeScanner - INFO - Next market regime scan at 18:00:00 (0.0 hours and 31.0 minutes from now)
2025-09-05 17:31:17,694 - MarketRegimeScanner - INFO - Ticker scanner stopped
2025-09-05 17:31:17,694 - MarketRegimeScanner - INFO - Market regime scanner stopped
2025-09-05 17:31:17,694 - MarketRegimeScanner - INFO - Main task cancelled
2025-09-05 17:31:17,694 - MarketRegimeScanner - INFO - Ticker scanner stopped
2025-09-05 17:31:17,694 - MarketRegimeScanner - INFO - Ticker scanner shutdown complete
2025-09-05 17:31:17,695 - MarketRegimeScanner - INFO - Market regime scanner stopped
2025-09-05 17:31:17,695 - MarketRegimeScanner - INFO - Market regime scanner shutdown complete
2025-09-05 17:31:17,695 - MarketRegimeScanner - INFO - Sleep interrupted by shutdown
2025-09-05 17:31:17,695 - MarketRegimeScanner - INFO - Database maintenance scheduling cancelled
2025-09-05 17:31:17,696 - MarketRegimeScanner - INFO - Sleep interrupted by shutdown
