2025-09-01 16:50:03,177 - MarketRegimeScanner - INFO - Using local timezone: America/Chicago
2025-09-01 16:50:03,177 - MarketRegimeScanner - INFO - Database path: C:\Users\kyung\StockScanner\core\ticker_data.db
2025-09-01 16:50:03,177 - MarketRegimeScanner - INFO - Using composite indices: ^IXIC
2025-09-01 16:50:03,179 - MarketRegimeScanner - INFO - Market regime database path: C:\Users\kyung\StockScanner\core\market_regime_data.db
2025-09-01 16:50:03,196 - MarketRegimeScanner - INFO - Loaded 3251 tickers from database
2025-09-01 16:50:03,198 - MarketRegimeScanner - INFO - Ticker scanner started
2025-09-01 16:50:03,199 - MarketRegimeScanner - INFO - Market regime scanner started
2025-09-01 16:50:03,200 - MarketRegimeScanner - INFO - Starting immediate ticker scan on startup
2025-09-01 16:50:03,201 - MarketRegimeScanner - INFO - Starting full ticker refresh
2025-09-01 16:50:03,201 - MarketRegimeScanner - INFO - Fetching tickers for composite index ^IXIC
2025-09-01 16:50:04,457 - MarketRegimeScanner - INFO - Completed ^IXIC: 3251 stocks across 6 pages
2025-09-01 16:50:04,537 - MarketRegimeScanner - INFO - Ticker refresh completed in 1.34s
2025-09-01 16:50:04,537 - MarketRegimeScanner - INFO - Total: 3251 | Added: 0 | Removed: 0
2025-09-01 16:50:04,537 - MarketRegimeScanner - INFO - Database: 0 inserted, 3251 updated
2025-09-01 16:50:04,540 - MarketRegimeScanner - INFO - Initial ticker scan completed successfully
2025-09-01 16:50:04,540 - MarketRegimeScanner - INFO - Next ticker refresh scheduled at 2025-09-02 08:30:00-05:00 (15.0 hours and 39.0 minutes from now)
2025-09-01 16:50:05,208 - MarketRegimeScanner - INFO - Waiting for initial ticker scan to complete before starting market regime scan
2025-09-01 16:50:10,210 - MarketRegimeScanner - INFO - Starting immediate market regime scan
2025-09-01 16:50:10,210 - MarketRegimeScanner - INFO - Starting market regime scan
2025-09-01 16:50:10,210 - MarketRegimeScanner - INFO - Fetching 365 days of market data for regime analysis
2025-09-01 16:50:10,379 - MarketRegimeScanner - INFO - Fetched market data with shape: (249, 1)
2025-09-01 16:50:10,482 - MarketRegimeScanner - INFO - Calculated advanced features with shape: (245, 13)
2025-09-01 16:50:10,650 - MarketRegimeScanner - WARNING - Final features contain 1092 NaN values, filling with zeros
2025-09-01 16:50:14,197 - MarketRegimeScanner - INFO - Deep learning models trained
2025-09-01 16:50:14,319 - MarketRegimeScanner - INFO - Enhanced ensemble model training completed
2025-09-01 16:50:14,320 - MarketRegimeScanner - INFO - PCA explained variance ratio: 0.969
2025-09-01 16:50:14,348 - MarketRegimeScanner - INFO - Current market regime: Bear Market (confidence: 0.78)
2025-09-01 16:50:14,348 - MarketRegimeScanner - INFO - Market regime scan completed in 4.14s
2025-09-01 16:50:14,349 - MarketRegimeScanner - INFO - Initial market regime scan completed successfully
2025-09-01 16:50:14,349 - MarketRegimeScanner - INFO - Next market regime scan at 17:00:00 (0.0 hours and 9.0 minutes from now)
2025-09-01 16:55:10,318 - MarketRegimeScanner - INFO - Ticker scanner stopped
2025-09-01 16:55:10,319 - MarketRegimeScanner - INFO - Market regime scanner stopped
2025-09-01 16:55:10,319 - MarketRegimeScanner - INFO - Main task cancelled
2025-09-01 16:55:10,319 - MarketRegimeScanner - INFO - Ticker scanner stopped
2025-09-01 16:55:10,320 - MarketRegimeScanner - INFO - Ticker scanner shutdown complete
2025-09-01 16:55:10,320 - MarketRegimeScanner - INFO - Market regime scanner stopped
2025-09-01 16:55:10,320 - MarketRegimeScanner - INFO - Market regime scanner shutdown complete
2025-09-01 16:55:10,320 - MarketRegimeScanner - INFO - Sleep interrupted by shutdown
2025-09-01 16:55:10,320 - MarketRegimeScanner - INFO - Sleep interrupted by shutdown
