2025-08-29 13:33:49,474 - MarketRegimeScanner - INFO - Using local timezone: America/Chicago
2025-08-29 13:33:49,474 - MarketRegimeScanner - INFO - Database path: C:\Users\kyung\StockScanner\core\ticker_data.db
2025-08-29 13:33:49,474 - MarketRegimeScanner - INFO - Using composite indices: ^IXIC, ^NYA, ^XAX
2025-08-29 13:33:49,481 - MarketRegimeScanner - INFO - Market regime database path: C:\Users\kyung\StockScanner\core\market_regime_data.db
2025-08-29 13:33:49,483 - MarketRegimeScanner - INFO - No tickers found in database
2025-08-29 13:33:49,483 - MarketRegimeScanner - INFO - Ticker scanner started
2025-08-29 13:33:49,484 - MarketRegimeScanner - INFO - Market regime scanner started
2025-08-29 13:33:49,485 - MarketRegimeScanner - INFO - Starting immediate ticker scan on startup
2025-08-29 13:33:49,485 - MarketRegimeScanner - INFO - Starting full ticker refresh
2025-08-29 13:33:49,486 - MarketRegimeScanner - INFO - Fetching tickers for composite index ^IXIC
2025-08-29 13:33:49,488 - MarketRegimeScanner - INFO - Fetching tickers for composite index ^NYA
2025-08-29 13:33:49,488 - MarketRegimeScanner - INFO - Fetching tickers for composite index ^XAX
2025-08-29 13:33:49,914 - MarketRegimeScanner - INFO - Completed ^XAX: 222 stocks across 1 pages
2025-08-29 13:33:50,472 - MarketRegimeScanner - INFO - Completed ^NYA: 1740 stocks across 3 pages
2025-08-29 13:33:51,159 - MarketRegimeScanner - INFO - Completed ^IXIC: 3251 stocks across 6 pages
2025-08-29 13:33:51,253 - MarketRegimeScanner - INFO - Ticker refresh completed in 1.77s
2025-08-29 13:33:51,254 - MarketRegimeScanner - INFO - Total: 5213 | Added: 5213 | Removed: 0
2025-08-29 13:33:51,254 - MarketRegimeScanner - INFO - Database: 5213 inserted, 0 updated
2025-08-29 13:33:51,255 - MarketRegimeScanner - INFO - Initial ticker scan completed successfully
2025-08-29 13:33:51,256 - MarketRegimeScanner - INFO - Next ticker refresh scheduled at 2025-08-30 08:30:00-05:00 (18.0 hours and 56.0 minutes from now)
2025-08-29 13:33:51,499 - MarketRegimeScanner - INFO - Waiting for initial ticker scan to complete before starting market regime scan
2025-08-29 13:33:56,511 - MarketRegimeScanner - INFO - Starting immediate market regime scan
2025-08-29 13:33:56,512 - MarketRegimeScanner - INFO - Starting market regime scan
2025-08-29 13:33:56,513 - MarketRegimeScanner - INFO - Fetching 365 days of market data for regime analysis
2025-08-29 13:33:56,852 - MarketRegimeScanner - INFO - Fetched market data with shape: (251, 4)
2025-08-29 13:33:57,055 - MarketRegimeScanner - INFO - Calculated advanced features with shape: (201, 27)
2025-08-29 13:34:00,248 - MarketRegimeScanner - INFO - Ensemble model training completed
2025-08-29 13:34:00,253 - MarketRegimeScanner - INFO - Market regime scan completed in 3.74s
2025-08-29 13:34:00,253 - MarketRegimeScanner - INFO - Current market regime: Bear Market (confidence: 0.46)
2025-08-29 13:34:00,253 - MarketRegimeScanner - INFO - Initial market regime scan completed successfully
2025-08-29 13:34:00,253 - MarketRegimeScanner - INFO - Next market regime scan at 14:00:00 (0.0 hours and 25.0 minutes from now)
2025-08-29 13:49:41,857 - MarketRegimeScanner - INFO - Ticker scanner stopped
2025-08-29 13:49:41,858 - MarketRegimeScanner - INFO - Market regime scanner stopped
2025-08-29 13:49:41,860 - MarketRegimeScanner - INFO - Sleep interrupted by shutdown
2025-08-29 13:49:41,860 - MarketRegimeScanner - INFO - Sleep interrupted by shutdown
2025-08-29 13:49:41,861 - MarketRegimeScanner - INFO - Main task cancelled
2025-08-29 13:49:41,862 - MarketRegimeScanner - INFO - Ticker scanner stopped
2025-08-29 13:49:41,862 - MarketRegimeScanner - INFO - Ticker scanner shutdown complete
2025-08-29 13:49:41,863 - MarketRegimeScanner - INFO - Market regime scanner stopped
2025-08-29 13:49:41,864 - MarketRegimeScanner - INFO - Market regime scanner shutdown complete
