2025-09-05 16:46:53,274 - MarketRegimeScanner - INFO - Using local timezone: America/Chicago
2025-09-05 16:46:53,274 - MarketRegimeScanner - INFO - Using PostgreSQL database: stock_scanner
2025-09-05 16:46:53,274 - MarketRegimeScanner - INFO - Using composite indices: ^IXIC
2025-09-05 16:46:53,444 - MarketRegimeScanner - INFO - Using PostgreSQL database: stock_scanner
2025-09-05 16:46:53,485 - MarketRegimeScanner - INFO - Loaded 3250 tickers from database
2025-09-05 16:46:53,487 - MarketRegimeScanner - INFO - Ticker scanner started
2025-09-05 16:46:53,487 - MarketRegimeScanner - INFO - Market regime scanner started
2025-09-05 16:46:53,489 - MarketRegimeScanner - INFO - Starting immediate ticker scan on startup
2025-09-05 16:46:53,489 - MarketRegimeScanner - INFO - Starting full ticker refresh
2025-09-05 16:46:53,489 - MarketRegimeScanner - INFO - Fetching tickers for composite index ^IXIC
2025-09-05 16:46:54,748 - MarketRegimeScanner - INFO - Completed ^IXIC: 3250 stocks across 6 pages
2025-09-05 16:46:55,152 - MarketRegimeScanner - INFO - Ticker refresh completed in 1.66s
2025-09-05 16:46:55,153 - MarketRegimeScanner - INFO - Total: 3250 | Added: 0 | Removed: 0
2025-09-05 16:46:55,153 - MarketRegimeScanner - INFO - Database: 0 inserted, 3250 updated
2025-09-05 16:46:55,154 - MarketRegimeScanner - INFO - Initial ticker scan completed successfully
2025-09-05 16:46:55,154 - MarketRegimeScanner - INFO - Next ticker refresh scheduled at 2025-09-06 08:30:00-05:00 (15.0 hours and 43.0 minutes from now)
2025-09-05 16:46:55,499 - MarketRegimeScanner - INFO - Waiting for initial ticker scan to complete before starting market regime scan
2025-09-05 16:46:55,499 - MarketRegimeScanner - INFO - Next database maintenance scheduled at 2025-09-06 02:00:00 (9.0 hours and 13.0 minutes from now)
2025-09-05 16:47:00,507 - MarketRegimeScanner - INFO - Starting immediate market regime scan
2025-09-05 16:47:00,507 - MarketRegimeScanner - INFO - Starting market regime scan
2025-09-05 16:47:00,507 - MarketRegimeScanner - INFO - Fetching 365 days of market data for regime analysis
2025-09-05 16:47:00,674 - MarketRegimeScanner - INFO - Fetched market data with shape: (251, 5)
2025-09-05 16:47:00,732 - MarketRegimeScanner - INFO - Calculated advanced features with shape: (251, 13), NaNs: 0
2025-09-05 16:47:00,866 - MarketRegimeScanner - INFO - Feature validation completed. Final shape: (251, 13), NaNs: 0
2025-09-05 16:47:00,867 - MarketRegimeScanner - INFO - Feature validation completed. Final shape: (251, 14), NaNs: 0
2025-09-05 16:47:00,871 - MarketRegimeScanner - INFO - Feature validation completed. Final shape: (251, 27), NaNs: 0
2025-09-05 16:47:04,003 - MarketRegimeScanner - INFO - Deep learning models trained
2025-09-05 16:47:04,257 - MarketRegimeScanner - INFO - Enhanced ensemble model training completed
2025-09-05 16:47:04,257 - MarketRegimeScanner - INFO - PCA explained variance ratio: 0.954
2025-09-05 16:47:04,279 - MarketRegimeScanner - INFO - Current market regime: Bull Market (confidence: 0.77)
2025-09-05 16:47:04,279 - MarketRegimeScanner - INFO - Market regime scan completed in 3.77s
2025-09-05 16:47:04,279 - MarketRegimeScanner - INFO - Initial market regime scan completed successfully
2025-09-05 16:47:04,280 - MarketRegimeScanner - INFO - Next market regime scan at 17:00:00 (0.0 hours and 12.0 minutes from now)
2025-09-05 17:00:06,839 - MarketRegimeScanner - INFO - Starting scheduled market regime scan
2025-09-05 17:00:06,840 - MarketRegimeScanner - INFO - Starting market regime scan
2025-09-05 17:00:06,840 - MarketRegimeScanner - INFO - Fetching 365 days of market data for regime analysis
2025-09-05 17:00:07,060 - MarketRegimeScanner - INFO - Fetched market data with shape: (251, 5)
2025-09-05 17:00:07,124 - MarketRegimeScanner - INFO - Calculated advanced features with shape: (251, 13), NaNs: 0
2025-09-05 17:00:07,299 - MarketRegimeScanner - INFO - Feature validation completed. Final shape: (251, 13), NaNs: 0
2025-09-05 17:00:07,301 - MarketRegimeScanner - INFO - Feature validation completed. Final shape: (251, 14), NaNs: 0
2025-09-05 17:00:07,306 - MarketRegimeScanner - INFO - Feature validation completed. Final shape: (251, 27), NaNs: 0
2025-09-05 17:00:07,325 - MarketRegimeScanner - INFO - Current market regime: Bull Market (confidence: 0.34)
2025-09-05 17:00:07,325 - MarketRegimeScanner - INFO - Market regime scan completed in 0.49s
2025-09-05 17:00:07,325 - MarketRegimeScanner - INFO - Scheduled market regime scan completed successfully
2025-09-05 17:00:07,326 - MarketRegimeScanner - INFO - Next market regime scan at 18:00:00 (0.0 hours and 59.0 minutes from now)
2025-09-05 17:18:42,473 - MarketRegimeScanner - INFO - Ticker scanner stopped
2025-09-05 17:18:42,473 - MarketRegimeScanner - INFO - Market regime scanner stopped
2025-09-05 17:18:42,473 - MarketRegimeScanner - INFO - Main task cancelled
2025-09-05 17:18:42,474 - MarketRegimeScanner - INFO - Ticker scanner stopped
2025-09-05 17:18:42,474 - MarketRegimeScanner - INFO - Ticker scanner shutdown complete
2025-09-05 17:18:42,474 - MarketRegimeScanner - INFO - Market regime scanner stopped
2025-09-05 17:18:42,474 - MarketRegimeScanner - INFO - Market regime scanner shutdown complete
2025-09-05 17:18:42,474 - MarketRegimeScanner - INFO - Sleep interrupted by shutdown
2025-09-05 17:18:42,474 - MarketRegimeScanner - INFO - Database maintenance scheduling cancelled
2025-09-05 17:18:42,475 - MarketRegimeScanner - INFO - Sleep interrupted by shutdown
