2025-09-05 17:25:01,636 - MarketRegimeScanner - INFO - Running immediate database maintenance on startup
2025-09-05 17:25:01,636 - MarketRegimeScanner - INFO - Starting database maintenance
2025-09-05 17:25:01,976 - MarketRegimeScanner - ERROR - Database connection error: VACUUM cannot run inside a transaction block

2025-09-05 17:25:02,003 - MarketRegimeScanner - ERROR - Database maintenance failed: trying to put unkeyed connection
2025-09-05 17:25:02,003 - MarketRegimeScanner - INFO - Starting backtest database maintenance
2025-09-05 17:25:02,007 - MarketRegimeScanner - ERROR - Database connection error: VACUUM cannot run inside a transaction block

2025-09-05 17:25:02,034 - MarketRegimeScanner - ERROR - Backtest database maintenance failed: trying to put unkeyed connection
2025-09-05 17:25:02,034 - MarketRegimeScanner - INFO - Startup database maintenance completed successfully
2025-09-05 17:25:02,126 - MarketRegimeScanner - INFO - Using local timezone: America/Chicago
2025-09-05 17:25:02,126 - MarketRegimeScanner - INFO - Using PostgreSQL database: stock_scanner
2025-09-05 17:25:02,126 - MarketRegimeScanner - INFO - Using composite indices: ^IXIC
2025-09-05 17:25:02,386 - MarketRegimeScanner - INFO - Using PostgreSQL database: stock_scanner
2025-09-05 17:25:02,424 - MarketRegimeScanner - INFO - Loaded 3250 tickers from database
2025-09-05 17:25:02,425 - MarketRegimeScanner - INFO - Ticker scanner started
2025-09-05 17:25:02,425 - MarketRegimeScanner - INFO - Market regime scanner started
2025-09-05 17:25:02,426 - MarketRegimeScanner - INFO - Starting immediate ticker scan on startup
2025-09-05 17:25:02,426 - MarketRegimeScanner - INFO - Starting full ticker refresh
2025-09-05 17:25:02,426 - MarketRegimeScanner - INFO - Fetching tickers for composite index ^IXIC
2025-09-05 17:25:04,363 - MarketRegimeScanner - INFO - Completed ^IXIC: 3250 stocks across 6 pages
2025-09-05 17:25:04,714 - MarketRegimeScanner - INFO - Ticker refresh completed in 2.29s
2025-09-05 17:25:04,714 - MarketRegimeScanner - INFO - Total: 3250 | Added: 0 | Removed: 0
2025-09-05 17:25:04,714 - MarketRegimeScanner - INFO - Database: 0 inserted, 3250 updated
2025-09-05 17:25:04,715 - MarketRegimeScanner - INFO - Initial ticker scan completed successfully
2025-09-05 17:25:04,715 - MarketRegimeScanner - INFO - Next ticker refresh scheduled at 2025-09-06 08:30:00-05:00 (15.0 hours and 4.0 minutes from now)
2025-09-05 17:25:04,715 - MarketRegimeScanner - INFO - Waiting for initial ticker scan to complete before starting market regime scan
2025-09-05 17:25:04,715 - MarketRegimeScanner - INFO - Next database maintenance scheduled at 2025-09-06 02:00:00 (8.0 hours and 34.0 minutes from now)
2025-09-05 17:25:09,725 - MarketRegimeScanner - INFO - Starting immediate market regime scan
2025-09-05 17:25:09,725 - MarketRegimeScanner - INFO - Starting market regime scan
2025-09-05 17:25:09,725 - MarketRegimeScanner - INFO - Fetching 365 days of market data for regime analysis
2025-09-05 17:25:09,940 - MarketRegimeScanner - INFO - Fetched market data with shape: (251, 5)
2025-09-05 17:25:10,002 - MarketRegimeScanner - INFO - Calculated advanced features with shape: (251, 13), NaNs: 0
2025-09-05 17:25:10,148 - MarketRegimeScanner - INFO - Feature validation completed. Final shape: (251, 13), NaNs: 0
2025-09-05 17:25:10,150 - MarketRegimeScanner - INFO - Feature validation completed. Final shape: (251, 14), NaNs: 0
2025-09-05 17:25:10,155 - MarketRegimeScanner - INFO - Feature validation completed. Final shape: (251, 27), NaNs: 0
2025-09-05 17:25:13,179 - MarketRegimeScanner - INFO - Deep learning models trained
2025-09-05 17:25:13,420 - MarketRegimeScanner - INFO - Enhanced ensemble model training completed
2025-09-05 17:25:13,420 - MarketRegimeScanner - INFO - PCA explained variance ratio: 0.954
2025-09-05 17:25:13,441 - MarketRegimeScanner - INFO - Current market regime: Bull Market (confidence: 0.86)
2025-09-05 17:25:13,441 - MarketRegimeScanner - INFO - Market regime scan completed in 3.72s
2025-09-05 17:25:13,441 - MarketRegimeScanner - INFO - Initial market regime scan completed successfully
2025-09-05 17:25:13,442 - MarketRegimeScanner - INFO - Next market regime scan at 18:00:00 (0.0 hours and 34.0 minutes from now)
2025-09-05 17:28:37,115 - MarketRegimeScanner - INFO - Ticker scanner stopped
2025-09-05 17:28:37,115 - MarketRegimeScanner - INFO - Market regime scanner stopped
2025-09-05 17:28:37,115 - MarketRegimeScanner - INFO - Main task cancelled
2025-09-05 17:28:37,115 - MarketRegimeScanner - INFO - Ticker scanner stopped
2025-09-05 17:28:37,115 - MarketRegimeScanner - INFO - Ticker scanner shutdown complete
2025-09-05 17:28:37,115 - MarketRegimeScanner - INFO - Market regime scanner stopped
2025-09-05 17:28:37,116 - MarketRegimeScanner - INFO - Market regime scanner shutdown complete
2025-09-05 17:28:37,116 - MarketRegimeScanner - INFO - Sleep interrupted by shutdown
2025-09-05 17:28:37,116 - MarketRegimeScanner - INFO - Database maintenance scheduling cancelled
2025-09-05 17:28:37,116 - MarketRegimeScanner - INFO - Sleep interrupted by shutdown
