2025-08-29 13:49:59,172 - MarketRegimeScanner - INFO - Using local timezone: America/Chicago
2025-08-29 13:49:59,173 - MarketRegimeScanner - INFO - Database path: C:\Users\kyung\StockScanner\core\ticker_data.db
2025-08-29 13:49:59,173 - MarketRegimeScanner - INFO - Using composite indices: ^IXIC
2025-08-29 13:49:59,199 - MarketRegimeScanner - INFO - Market regime database path: C:\Users\kyung\StockScanner\core\market_regime_data.db
2025-08-29 13:49:59,236 - MarketRegimeScanner - INFO - Loaded 5213 tickers from database
2025-08-29 13:49:59,240 - MarketRegimeScanner - INFO - Ticker scanner started
2025-08-29 13:49:59,241 - MarketRegimeScanner - INFO - Market regime scanner started
2025-08-29 13:49:59,246 - MarketRegimeScanner - INFO - Starting immediate ticker scan on startup
2025-08-29 13:49:59,247 - MarketRegimeScanner - INFO - Starting full ticker refresh
2025-08-29 13:49:59,247 - MarketRegimeScanner - INFO - Fetching tickers for composite index ^IXIC
2025-08-29 13:50:01,252 - MarketRegimeScanner - INFO - Waiting for initial ticker scan to complete before starting market regime scan
2025-08-29 13:50:01,333 - MarketRegimeScanner - INFO - Completed ^IXIC: 3251 stocks across 6 pages
2025-08-29 13:50:01,483 - MarketRegimeScanner - INFO - Marked 1962 tickers as inactive
2025-08-29 13:50:01,488 - MarketRegimeScanner - INFO - Ticker refresh completed in 2.24s
2025-08-29 13:50:01,488 - MarketRegimeScanner - INFO - Total: 3251 | Added: 0 | Removed: 1962
2025-08-29 13:50:01,488 - MarketRegimeScanner - INFO - Database: 0 inserted, 3251 updated
2025-08-29 13:50:01,490 - MarketRegimeScanner - INFO - Initial ticker scan completed successfully
2025-08-29 13:50:01,490 - MarketRegimeScanner - INFO - Next ticker refresh scheduled at 2025-08-30 08:30:00-05:00 (18.0 hours and 39.0 minutes from now)
2025-08-29 13:50:06,256 - MarketRegimeScanner - INFO - Starting immediate market regime scan
2025-08-29 13:50:06,257 - MarketRegimeScanner - INFO - Starting market regime scan
2025-08-29 13:50:06,257 - MarketRegimeScanner - INFO - Fetching 365 days of market data for regime analysis
2025-08-29 13:50:06,695 - MarketRegimeScanner - INFO - Fetched market data with shape: (251, 1)
2025-08-29 13:50:06,774 - MarketRegimeScanner - INFO - Calculated advanced features with shape: (201, 6)
2025-08-29 13:50:10,299 - MarketRegimeScanner - INFO - Ensemble model training completed
2025-08-29 13:50:10,316 - MarketRegimeScanner - INFO - Market regime scan completed in 4.06s
2025-08-29 13:50:10,316 - MarketRegimeScanner - INFO - Current market regime: Sideways Market (confidence: 0.62)
2025-08-29 13:50:10,316 - MarketRegimeScanner - INFO - Initial market regime scan completed successfully
2025-08-29 13:50:10,316 - MarketRegimeScanner - INFO - Next market regime scan at 14:00:00 (0.0 hours and 9.0 minutes from now)
2025-08-29 14:00:04,607 - MarketRegimeScanner - INFO - Starting scheduled market regime scan
2025-08-29 14:00:04,608 - MarketRegimeScanner - INFO - Starting market regime scan
2025-08-29 14:00:04,608 - MarketRegimeScanner - INFO - Fetching 365 days of market data for regime analysis
2025-08-29 14:00:04,916 - MarketRegimeScanner - INFO - Fetched market data with shape: (251, 1)
2025-08-29 14:00:05,116 - MarketRegimeScanner - INFO - Calculated advanced features with shape: (201, 6)
2025-08-29 14:00:05,124 - MarketRegimeScanner - INFO - Market regime scan completed in 0.52s
2025-08-29 14:00:05,125 - MarketRegimeScanner - INFO - Current market regime: Sideways Market (confidence: 0.62)
2025-08-29 14:00:05,125 - MarketRegimeScanner - INFO - Scheduled market regime scan completed successfully
2025-08-29 14:00:05,126 - MarketRegimeScanner - INFO - Next market regime scan at 15:00:00 (0.0 hours and 59.0 minutes from now)
2025-08-29 14:38:19,694 - MarketRegimeScanner - INFO - Ticker scanner stopped
2025-08-29 14:38:19,696 - MarketRegimeScanner - INFO - Market regime scanner stopped
2025-08-29 14:38:19,698 - MarketRegimeScanner - INFO - Sleep interrupted by shutdown
2025-08-29 14:38:19,699 - MarketRegimeScanner - INFO - Main task cancelled
2025-08-29 14:38:19,699 - MarketRegimeScanner - INFO - Ticker scanner stopped
2025-08-29 14:38:19,700 - MarketRegimeScanner - INFO - Ticker scanner shutdown complete
2025-08-29 14:38:19,700 - MarketRegimeScanner - INFO - Market regime scanner stopped
2025-08-29 14:38:19,700 - MarketRegimeScanner - INFO - Market regime scanner shutdown complete
2025-08-29 14:38:19,701 - MarketRegimeScanner - INFO - Sleep interrupted by shutdown
