2025-09-01 16:28:51,761 - MarketRegimeScanner - INFO - Using local timezone: America/Chicago
2025-09-01 16:28:51,761 - MarketRegimeScanner - INFO - Database path: C:\Users\kyung\StockScanner\core\ticker_data.db
2025-09-01 16:28:51,761 - MarketRegimeScanner - INFO - Using composite indices: ^IXIC
2025-09-01 16:28:51,762 - MarketRegimeScanner - INFO - Market regime database path: C:\Users\kyung\StockScanner\core\market_regime_data.db
2025-09-01 16:28:51,779 - MarketRegimeScanner - INFO - Loaded 3251 tickers from database
2025-09-01 16:28:51,781 - MarketRegimeScanner - INFO - Ticker scanner started
2025-09-01 16:28:51,782 - MarketRegimeScanner - INFO - Market regime scanner started
2025-09-01 16:28:51,787 - MarketRegimeScanner - INFO - Starting immediate ticker scan on startup
2025-09-01 16:28:51,787 - MarketRegimeScanner - INFO - Starting full ticker refresh
2025-09-01 16:28:51,788 - MarketRegimeScanner - INFO - Fetching tickers for composite index ^IXIC
2025-09-01 16:28:53,221 - MarketRegimeScanner - INFO - Completed ^IXIC: 3251 stocks across 6 pages
2025-09-01 16:28:53,299 - MarketRegimeScanner - INFO - Ticker refresh completed in 1.51s
2025-09-01 16:28:53,299 - MarketRegimeScanner - INFO - Total: 3251 | Added: 0 | Removed: 0
2025-09-01 16:28:53,299 - MarketRegimeScanner - INFO - Database: 0 inserted, 3251 updated
2025-09-01 16:28:53,301 - MarketRegimeScanner - INFO - Initial ticker scan completed successfully
2025-09-01 16:28:53,302 - MarketRegimeScanner - INFO - Next ticker refresh scheduled at 2025-09-02 08:30:00-05:00 (16.0 hours and 1.0 minutes from now)
2025-09-01 16:28:53,798 - MarketRegimeScanner - INFO - Waiting for initial ticker scan to complete before starting market regime scan
2025-09-01 16:28:58,810 - MarketRegimeScanner - INFO - Starting immediate market regime scan
2025-09-01 16:28:58,811 - MarketRegimeScanner - INFO - Starting market regime scan
2025-09-01 16:28:58,811 - MarketRegimeScanner - INFO - Fetching 365 days of market data for regime analysis
2025-09-01 16:28:58,972 - MarketRegimeScanner - INFO - Fetched market data with shape: (249, 1)
2025-09-01 16:28:59,065 - MarketRegimeScanner - INFO - Calculated advanced features with shape: (199, 13)
2025-09-01 16:29:00,828 - MarketRegimeScanner - INFO - Enhanced ensemble model training completed
2025-09-01 16:29:00,829 - MarketRegimeScanner - INFO - PCA explained variance ratio: 0.998
2025-09-01 16:29:00,846 - MarketRegimeScanner - INFO - Current market regime: Bear Market (confidence: 0.67)
2025-09-01 16:29:00,846 - MarketRegimeScanner - INFO - Market regime scan completed in 2.04s
2025-09-01 16:29:00,846 - MarketRegimeScanner - INFO - Initial market regime scan completed successfully
2025-09-01 16:29:00,847 - MarketRegimeScanner - INFO - Next market regime scan at 17:00:00 (0.0 hours and 30.0 minutes from now)
2025-09-01 16:36:59,604 - MarketRegimeScanner - INFO - Ticker scanner stopped
2025-09-01 16:36:59,605 - MarketRegimeScanner - INFO - Market regime scanner stopped
2025-09-01 16:36:59,605 - MarketRegimeScanner - INFO - Sleep interrupted by shutdown
2025-09-01 16:36:59,605 - MarketRegimeScanner - INFO - Sleep interrupted by shutdown
2025-09-01 16:36:59,606 - MarketRegimeScanner - INFO - Main task cancelled
2025-09-01 16:36:59,606 - MarketRegimeScanner - INFO - Ticker scanner stopped
2025-09-01 16:36:59,606 - MarketRegimeScanner - INFO - Ticker scanner shutdown complete
2025-09-01 16:36:59,606 - MarketRegimeScanner - INFO - Market regime scanner stopped
2025-09-01 16:36:59,606 - MarketRegimeScanner - INFO - Market regime scanner shutdown complete
