2025-09-04 11:55:48,749 - MarketRegimeScanner - INFO - Using local timezone: America/Chicago
2025-09-04 11:55:48,749 - MarketRegimeScanner - INFO - Database path: C:\Users\kyung\StockScanner\core\main_data.db
2025-09-04 11:55:48,749 - MarketRegimeScanner - INFO - Using composite indices: ^IXIC
2025-09-04 11:55:48,752 - MarketRegimeScanner - INFO - Using main database: C:\Users\kyung\StockScanner\core\main_data.db
2025-09-04 11:55:48,752 - MarketRegimeScanner - INFO - Using backtest database: C:\Users\kyung\StockScanner\core\backtest_data.db
2025-09-04 11:55:48,766 - MarketRegimeScanner - INFO - Loaded 3245 tickers from database
2025-09-04 11:55:48,767 - MarketRegimeScanner - INFO - Ticker scanner started
2025-09-04 11:55:48,767 - MarketRegimeScanner - INFO - Market regime scanner started
2025-09-04 11:55:48,768 - MarketRegimeScanner - INFO - Starting immediate ticker scan on startup
2025-09-04 11:55:48,768 - MarketRegimeScanner - INFO - Starting full ticker refresh
2025-09-04 11:55:48,768 - MarketRegimeScanner - INFO - Fetching tickers for composite index ^IXIC
2025-09-04 11:55:50,025 - MarketRegimeScanner - INFO - Completed ^IXIC: 3245 stocks across 6 pages
2025-09-04 11:55:50,081 - MarketRegimeScanner - INFO - Ticker refresh completed in 1.31s
2025-09-04 11:55:50,081 - MarketRegimeScanner - INFO - Total: 3245 | Added: 0 | Removed: 0
2025-09-04 11:55:50,081 - MarketRegimeScanner - INFO - Database: 0 inserted, 3245 updated
2025-09-04 11:55:50,083 - MarketRegimeScanner - INFO - Initial ticker scan completed successfully
2025-09-04 11:55:50,083 - MarketRegimeScanner - INFO - Next ticker refresh scheduled at 2025-09-05 08:30:00-05:00 (20.0 hours and 34.0 minutes from now)
2025-09-04 11:55:50,772 - MarketRegimeScanner - INFO - Waiting for initial ticker scan to complete before starting market regime scan
2025-09-04 11:55:53,098 - MarketRegimeScanner - INFO - Ticker scanner stopped
2025-09-04 11:55:53,098 - MarketRegimeScanner - INFO - Market regime scanner stopped
2025-09-04 11:55:53,098 - MarketRegimeScanner - INFO - Main task cancelled
2025-09-04 11:55:53,098 - MarketRegimeScanner - INFO - Ticker scanner stopped
2025-09-04 11:55:53,098 - MarketRegimeScanner - INFO - Ticker scanner shutdown complete
2025-09-04 11:55:53,099 - MarketRegimeScanner - INFO - Market regime scanner stopped
2025-09-04 11:55:53,099 - MarketRegimeScanner - INFO - Market regime scanner shutdown complete
2025-09-04 11:55:53,099 - MarketRegimeScanner - INFO - Sleep interrupted by shutdown
