2025-09-01 02:08:10,300 - MarketRegimeScanner - INFO - Using local timezone: America/Chicago
2025-09-01 02:08:10,300 - MarketRegimeScanner - INFO - Database path: C:\Users\kyung\StockScanner\core\ticker_data.db
2025-09-01 02:08:10,300 - MarketRegimeScanner - INFO - Using composite indices: ^IXIC
2025-09-01 02:08:10,404 - MarketRegimeScanner - INFO - Market regime database path: C:\Users\kyung\StockScanner\core\market_regime_data.db
2025-09-01 02:08:10,420 - MarketRegimeScanner - INFO - Loaded 3251 tickers from database
2025-09-01 02:08:10,421 - MarketRegimeScanner - INFO - Ticker scanner started
2025-09-01 02:08:10,422 - MarketRegimeScanner - INFO - Market regime scanner started
2025-09-01 02:08:10,424 - MarketRegimeScanner - INFO - Starting immediate ticker scan on startup
2025-09-01 02:08:10,424 - MarketRegimeScanner - INFO - Starting full ticker refresh
2025-09-01 02:08:10,425 - MarketRegimeScanner - INFO - Fetching tickers for composite index ^IXIC
2025-09-01 02:08:11,643 - MarketRegimeScanner - INFO - Completed ^IXIC: 3251 stocks across 6 pages
2025-09-01 02:08:11,725 - MarketRegimeScanner - INFO - Ticker refresh completed in 1.30s
2025-09-01 02:08:11,725 - MarketRegimeScanner - INFO - Total: 3251 | Added: 0 | Removed: 0
2025-09-01 02:08:11,725 - MarketRegimeScanner - INFO - Database: 0 inserted, 3251 updated
2025-09-01 02:08:11,727 - MarketRegimeScanner - INFO - Initial ticker scan completed successfully
2025-09-01 02:08:11,727 - MarketRegimeScanner - INFO - Next ticker refresh scheduled at 2025-09-01 08:30:00-05:00 (6.0 hours and 21.0 minutes from now)
2025-09-01 02:08:12,429 - MarketRegimeScanner - INFO - Waiting for initial ticker scan to complete before starting market regime scan
2025-09-01 02:08:17,438 - MarketRegimeScanner - INFO - Starting immediate market regime scan
2025-09-01 02:08:17,438 - MarketRegimeScanner - INFO - Starting market regime scan
2025-09-01 02:08:17,439 - MarketRegimeScanner - INFO - Fetching 365 days of market data for regime analysis
2025-09-01 02:08:17,607 - MarketRegimeScanner - INFO - Fetched market data with shape: (249, 1)
2025-09-01 02:08:17,701 - MarketRegimeScanner - INFO - Calculated advanced features with shape: (199, 13)
2025-09-01 02:08:19,474 - MarketRegimeScanner - INFO - Enhanced ensemble model training completed
2025-09-01 02:08:19,474 - MarketRegimeScanner - INFO - PCA explained variance ratio: 0.998
2025-09-01 02:08:19,498 - MarketRegimeScanner - INFO - Current market regime: Bear Market (confidence: 0.67)
2025-09-01 02:08:19,498 - MarketRegimeScanner - INFO - Market regime scan completed in 2.06s
2025-09-01 02:08:19,499 - MarketRegimeScanner - INFO - Initial market regime scan completed successfully
2025-09-01 02:08:19,499 - MarketRegimeScanner - INFO - Next market regime scan at 03:00:00 (0.0 hours and 51.0 minutes from now)
2025-09-01 02:11:56,227 - MarketRegimeScanner - INFO - Ticker scanner stopped
2025-09-01 02:11:56,227 - MarketRegimeScanner - INFO - Market regime scanner stopped
2025-09-01 02:11:56,228 - MarketRegimeScanner - INFO - Sleep interrupted by shutdown
2025-09-01 02:11:56,228 - MarketRegimeScanner - INFO - Main task cancelled
2025-09-01 02:11:56,228 - MarketRegimeScanner - INFO - Ticker scanner stopped
2025-09-01 02:11:56,228 - MarketRegimeScanner - INFO - Ticker scanner shutdown complete
2025-09-01 02:11:56,228 - MarketRegimeScanner - INFO - Market regime scanner stopped
2025-09-01 02:11:56,228 - MarketRegimeScanner - INFO - Market regime scanner shutdown complete
2025-09-01 02:11:56,228 - MarketRegimeScanner - INFO - Sleep interrupted by shutdown
